{"C:\\Users\\Noah\\Desktop\\Vue\\job-search\\src\\components\\ActionButton.vue": {"path":"C:\\Users\\Noah\\Desktop\\Vue\\job-search\\src\\components\\ActionButton.vue","statementMap":{"0":{"start":{"line":4,"column":0},"end":{"line":6,"column":3}},"1":{"start":{"line":7,"column":0},"end":{"line":7,"column":25}},"2":{"start":{"line":44,"column":0},"end":{"line":44,"column":13}},"3":{"start":{"line":46,"column":0},"end":{"line":48,"column":3}},"4":{"start":{"line":49,"column":0},"end":{"line":49,"column":24}},"5":{"start":{"line":50,"column":11},"end":{"line":50,"column":25}},"6":{"start":{"line":52,"column":2},"end":{"line":54,"column":64}},"7":{"start":{"line":55,"column":2},"end":{"line":55,"column":49}}},"fnMap":{"0":{"name":"render","decl":{"start":{"line":51,"column":9},"end":{"line":51,"column":15}},"loc":{"start":{"line":51,"column":30},"end":{"line":55,"column":1}},"line":51}},"branchMap":{},"s":{"0":2,"1":2,"2":2,"3":2,"4":2,"5":2,"6":2,"7":2},"f":{"0":2},"b":{},"inputSourceMap":{"0":"{","1":"\"","2":"v","3":"e","4":"r","5":"s","6":"i","7":"o","8":"n","9":"\"","10":":","11":"3","12":",","13":"\"","14":"s","15":"o","16":"u","17":"r","18":"c","19":"e","20":"s","21":"\"","22":":","23":"[","24":"\"","25":"C","26":":","27":"\\","28":"\\","29":"U","30":"s","31":"e","32":"r","33":"s","34":"\\","35":"\\","36":"N","37":"o","38":"a","39":"h","40":"\\","41":"\\","42":"D","43":"e","44":"s","45":"k","46":"t","47":"o","48":"p","49":"\\","50":"\\","51":"V","52":"u","53":"e","54":"\\","55":"\\","56":"j","57":"o","58":"b","59":"-","60":"s","61":"e","62":"a","63":"r","64":"c","65":"h","66":"\\","67":"\\","68":"s","69":"r","70":"c","71":"\\","72":"\\","73":"c","74":"o","75":"m","76":"p","77":"o","78":"n","79":"e","80":"n","81":"t","82":"s","83":"\\","84":"\\","85":"A","86":"c","87":"t","88":"i","89":"o","90":"n","91":"B","92":"u","93":"t","94":"t","95":"o","96":"n","97":".","98":"v","99":"u","100":"e","101":"\"","102":"]","103":",","104":"\"","105":"n","106":"a","107":"m","108":"e","109":"s","110":"\"","111":":","112":"[","113":"]","114":",","115":"\"","116":"m","117":"a","118":"p","119":"p","120":"i","121":"n","122":"g","123":"s","124":"\"","125":":","126":"\"","127":";","128":";","129":";","130":";","131":";","132":";","133":";","134":"A","135":"A","136":"O","137":"A","138":";","139":"A","140":"A","141":"A","142":"A","143":";","144":"A","145":"A","146":"A","147":"A","148":";","149":"A","150":"A","151":"A","152":"i","153":"C","154":";","155":"A","156":"A","157":"A","158":"A","159":",","160":"i","161":"C","162":"A","163":"E","164":"l","165":"B","166":";","167":"E","168":"A","169":"C","170":"b","171":",","172":"I","173":"A","174":"A","175":"I","176":",","177":"E","178":"A","179":"A","180":"E","181":",","182":"c","183":"A","184":"A","185":"c","186":";","187":"E","188":"A","189":"C","190":"p","191":"B","192":",","193":"K","194":"A","195":"A","196":"K","197":",","198":"E","199":"A","200":"A","201":"E","202":";","203":"I","204":"A","205":"C","206":"L","207":",","208":"I","209":"A","210":"A","211":"I","212":",","213":"E","214":"A","215":"A","216":"E","217":";","218":"M","219":"A","220":"C","221":"J","222":",","223":"I","224":"A","225":"A","226":"I","227":";","228":"M","229":"A","230":"A","231":"E","232":";","233":"M","234":"A","235":"A","236":"A","237":";","238":"M","239":"A","240":"A","241":"A","242":";","243":"M","244":"A","245":"A","246":"A","247":",","248":"M","249":"A","250":"A","251":"M","252":";","253":"M","254":"A","255":"C","256":"Z","257":",","258":"Q","259":"A","260":"A","261":"Q","262":",","263":"E","264":"A","265":"A","266":"E","267":";","268":"I","269":"A","270":"C","271":"Z","272":",","273":"C","274":"A","275":"A","276":"C","277":";","278":"I","279":"A","280":"C","281":"D","282":",","283":"I","284":"A","285":"A","286":"I","287":",","288":"E","289":"A","290":"A","291":"E","292":";","293":"M","294":"A","295":"C","296":"J","297":",","298":"I","299":"A","300":"A","301":"I","302":";","303":"M","304":"A","305":"A","306":"E","307":";","308":"M","309":"A","310":"A","311":"A","312":";","313":"M","314":"A","315":"A","316":"A","317":";","318":"M","319":"A","320":"A","321":"A","322":",","323":"M","324":"A","325":"A","326":"M","327":";","328":"M","329":"A","330":"C","331":"Z","332":",","333":"Q","334":"A","335":"A","336":"Q","337":",","338":"E","339":"A","340":"A","341":"E","342":",","343":"K","344":"A","345":"A","346":"K","347":";","348":"M","349":"A","350":"C","351":"f","352":",","353":"O","354":"A","355":"A","356":"O","357":",","358":"E","359":"A","360":"A","361":"E","362":",","363":"S","364":"A","365":"A","366":"S","367":";","368":"M","369":"A","370":"C","371":"l","372":"B","373":",","374":"S","375":"A","376":"A","377":"S","378":",","379":"C","380":"A","381":"A","382":"C","383":",","384":"K","385":"A","386":"A","387":"K","388":",","389":"E","390":"A","391":"A","392":"E","393":";","394":"Q","395":"A","396":"C","397":"f","398":",","399":"O","400":"A","401":"A","402":"O","403":",","404":"C","405":"A","406":"A","407":"C","408":",","409":"S","410":"A","411":"A","412":"S","413":",","414":"E","415":"A","416":"A","417":"E","418":",","419":"W","420":"A","421":"A","422":"W","423":",","424":"C","425":"A","426":"A","427":"C","428":",","429":"C","430":"A","431":"A","432":"C","433":",","434":"Q","435":"A","436":"A","437":"Q","438":",","439":"C","440":"A","441":"A","442":"C","443":",","444":"K","445":"A","446":"A","447":"K","448":",","449":"C","450":"A","451":"A","452":"C","453":";","454":"M","455":"A","456":"C","457":"j","458":"D","459":";","460":"I","461":"A","462":"C","463":"F","464":";","465":"E","466":"A","467":"C","468":"F","469":",","470":"C","471":"A","472":"A","473":"C","474":";","475":"E","476":"A","477":"C","478":"D","479":",","480":"Q","481":"A","482":"A","483":"Q","484":",","485":"E","486":"A","487":"A","488":"E","489":";","490":"I","491":"A","492":"C","493":"R","494":",","495":"W","496":"A","497":"A","498":"W","499":",","500":"G","501":"A","502":"A","503":"G","504":";","505":"M","506":"A","507":"C","508":"Z","509":",","510":"O","511":"A","512":"A","513":"O","514":";","515":"Q","516":"A","517":"C","518":"L","519":",","520":"C","521":"A","522":"A","523":"C","524":",","525":"I","526":"A","527":"A","528":"I","529":",","530":"C","531":"A","532":"A","533":"C","534":",","535":"I","536":"A","537":"A","538":"I","539":",","540":"G","541":"A","542":"A","543":"G","544":";","545":"M","546":"A","547":"C","548":"f","549":",","550":"C","551":"A","552":"A","553":"C","554":";","555":"I","556":"A","557":"C","558":"H","559":";","560":"E","561":"A","562":"C","563":"F","564":";","565":"A","566":"A","567":"C","568":"F","569":",","570":"C","571":"A","572":"A","573":"C","574":"\"","575":",","576":"\"","577":"f","578":"i","579":"l","580":"e","581":"\"","582":":","583":"\"","584":"C","585":":","586":"\\","587":"\\","588":"U","589":"s","590":"e","591":"r","592":"s","593":"\\","594":"\\","595":"N","596":"o","597":"a","598":"h","599":"\\","600":"\\","601":"D","602":"e","603":"s","604":"k","605":"t","606":"o","607":"p","608":"\\","609":"\\","610":"V","611":"u","612":"e","613":"\\","614":"\\","615":"j","616":"o","617":"b","618":"-","619":"s","620":"e","621":"a","622":"r","623":"c","624":"h","625":"\\","626":"\\","627":"s","628":"r","629":"c","630":"\\","631":"\\","632":"c","633":"o","634":"m","635":"p","636":"o","637":"n","638":"e","639":"n","640":"t","641":"s","642":"\\","643":"\\","644":"A","645":"c","646":"t","647":"i","648":"o","649":"n","650":"B","651":"u","652":"t","653":"t","654":"o","655":"n","656":".","657":"v","658":"u","659":"e","660":"\"","661":",","662":"\"","663":"s","664":"o","665":"u","666":"r","667":"c","668":"e","669":"s","670":"C","671":"o","672":"n","673":"t","674":"e","675":"n","676":"t","677":"\"","678":":","679":"[","680":"\"","681":"<","682":"t","683":"e","684":"m","685":"p","686":"l","687":"a","688":"t","689":"e","690":">","691":"\\","692":"n","693":" ","694":" ","695":"<","696":"b","697":"u","698":"t","699":"t","700":"o","701":"n","702":" ","703":":","704":"c","705":"l","706":"a","707":"s","708":"s","709":"=","710":"\\","711":"\"","712":"b","713":"u","714":"t","715":"t","716":"o","717":"n","718":"C","719":"l","720":"a","721":"s","722":"s","723":"\\","724":"\"","725":">","726":"\\","727":"n","728":" ","729":" ","730":" ","731":" ","732":"{","733":"{","734":" ","735":"t","736":"e","737":"x","738":"t","739":" ","740":"}","741":"}","742":"\\","743":"n","744":" ","745":" ","746":"<","747":"/","748":"b","749":"u","750":"t","751":"t","752":"o","753":"n","754":">","755":"\\","756":"n","757":"<","758":"/","759":"t","760":"e","761":"m","762":"p","763":"l","764":"a","765":"t","766":"e","767":">","768":"\\","769":"n","770":"\\","771":"n","772":"<","773":"s","774":"c","775":"r","776":"i","777":"p","778":"t","779":">","780":"\\","781":"n","782":"i","783":"m","784":"p","785":"o","786":"r","787":"t","788":" ","789":"{","790":" ","791":"S","792":"t","793":"r","794":"i","795":"n","796":"g","797":" ","798":"}","799":" ","800":"f","801":"r","802":"o","803":"m","804":" ","805":"\\","806":"\"","807":"c","808":"o","809":"r","810":"e","811":"-","812":"j","813":"s","814":"\\","815":"\"","816":";","817":"\\","818":"n","819":"\\","820":"n","821":"e","822":"x","823":"p","824":"o","825":"r","826":"t","827":" ","828":"d","829":"e","830":"f","831":"a","832":"u","833":"l","834":"t","835":" ","836":"{","837":"\\","838":"n","839":" ","840":" ","841":"n","842":"a","843":"m","844":"e","845":":","846":" ","847":"\\","848":"\"","849":"A","850":"c","851":"t","852":"i","853":"o","854":"n","855":"B","856":"u","857":"t","858":"t","859":"o","860":"n","861":"\\","862":"\"","863":",","864":"\\","865":"n","866":" ","867":" ","868":"p","869":"r","870":"o","871":"p","872":"s","873":":","874":" ","875":"{","876":"\\","877":"n","878":" ","879":" ","880":" ","881":" ","882":"t","883":"e","884":"x","885":"t","886":":","887":" ","888":"{","889":"\\","890":"n","891":" ","892":" ","893":" ","894":" ","895":" ","896":" ","897":"t","898":"y","899":"p","900":"e","901":":","902":" ","903":"S","904":"t","905":"r","906":"i","907":"n","908":"g","909":",","910":"\\","911":"n","912":" ","913":" ","914":" ","915":" ","916":" ","917":" ","918":"r","919":"e","920":"q","921":"u","922":"i","923":"r","924":"e","925":"d","926":":","927":" ","928":"t","929":"r","930":"u","931":"e","932":",","933":"\\","934":"n","935":" ","936":" ","937":" ","938":" ","939":"}","940":",","941":"\\","942":"n","943":" ","944":" ","945":" ","946":" ","947":"t","948":"y","949":"p","950":"e","951":":","952":" ","953":"{","954":"\\","955":"n","956":" ","957":" ","958":" ","959":" ","960":" ","961":" ","962":"t","963":"y","964":"p","965":"e","966":":","967":" ","968":"S","969":"t","970":"r","971":"i","972":"n","973":"g","974":",","975":"\\","976":"n","977":" ","978":" ","979":" ","980":" ","981":" ","982":" ","983":"r","984":"e","985":"q","986":"u","987":"i","988":"r","989":"e","990":"d","991":":","992":" ","993":"f","994":"a","995":"l","996":"s","997":"e","998":",","999":"\\","1000":"n","1001":" ","1002":" ","1003":" ","1004":" ","1005":" ","1006":" ","1007":"d","1008":"e","1009":"f","1010":"a","1011":"u","1012":"l","1013":"t","1014":":","1015":" ","1016":"\\","1017":"\"","1018":"p","1019":"r","1020":"i","1021":"m","1022":"a","1023":"r","1024":"y","1025":"\\","1026":"\"","1027":",","1028":"\\","1029":"n","1030":" ","1031":" ","1032":" ","1033":" ","1034":" ","1035":" ","1036":"v","1037":"a","1038":"l","1039":"i","1040":"d","1041":"a","1042":"t","1043":"o","1044":"r","1045":"(","1046":"v","1047":"a","1048":"l","1049":"u","1050":"e","1051":")","1052":" ","1053":"{","1054":"\\","1055":"n","1056":" ","1057":" ","1058":" ","1059":" ","1060":" ","1061":" ","1062":" ","1063":" ","1064":"r","1065":"e","1066":"t","1067":"u","1068":"r","1069":"n","1070":" ","1071":"[","1072":"\\","1073":"\"","1074":"p","1075":"r","1076":"i","1077":"m","1078":"a","1079":"r","1080":"y","1081":"\\","1082":"\"","1083":",","1084":" ","1085":"\\","1086":"\"","1087":"s","1088":"e","1089":"c","1090":"o","1091":"n","1092":"d","1093":"a","1094":"r","1095":"y","1096":"\\","1097":"\"","1098":"]","1099":".","1100":"i","1101":"n","1102":"c","1103":"l","1104":"u","1105":"d","1106":"e","1107":"s","1108":"(","1109":"v","1110":"a","1111":"l","1112":"u","1113":"e","1114":")","1115":";","1116":"\\","1117":"n","1118":" ","1119":" ","1120":" ","1121":" ","1122":" ","1123":" ","1124":"}","1125":",","1126":"\\","1127":"n","1128":" ","1129":" ","1130":" ","1131":" ","1132":"}","1133":",","1134":"\\","1135":"n","1136":" ","1137":" ","1138":"}","1139":",","1140":"\\","1141":"n","1142":" ","1143":" ","1144":"c","1145":"o","1146":"m","1147":"p","1148":"u","1149":"t","1150":"e","1151":"d","1152":":","1153":" ","1154":"{","1155":"\\","1156":"n","1157":" ","1158":" ","1159":" ","1160":" ","1161":"b","1162":"u","1163":"t","1164":"t","1165":"o","1166":"n","1167":"C","1168":"l","1169":"a","1170":"s","1171":"s","1172":"(","1173":")","1174":" ","1175":"{","1176":"\\","1177":"n","1178":" ","1179":" ","1180":" ","1181":" ","1182":" ","1183":" ","1184":"r","1185":"e","1186":"t","1187":"u","1188":"r","1189":"n","1190":" ","1191":"{","1192":"\\","1193":"n","1194":" ","1195":" ","1196":" ","1197":" ","1198":" ","1199":" ","1200":" ","1201":" ","1202":"[","1203":"t","1204":"h","1205":"i","1206":"s","1207":".","1208":"t","1209":"y","1210":"p","1211":"e","1212":"]","1213":":","1214":" ","1215":"t","1216":"r","1217":"u","1218":"e","1219":",","1220":"\\","1221":"n","1222":" ","1223":" ","1224":" ","1225":" ","1226":" ","1227":" ","1228":"}","1229":";","1230":"\\","1231":"n","1232":" ","1233":" ","1234":" ","1235":" ","1236":"}","1237":",","1238":"\\","1239":"n","1240":" ","1241":" ","1242":"}","1243":",","1244":"\\","1245":"n","1246":"}","1247":";","1248":"\\","1249":"n","1250":"<","1251":"/","1252":"s","1253":"c","1254":"r","1255":"i","1256":"p","1257":"t","1258":">","1259":"\\","1260":"n","1261":"\\","1262":"n","1263":"<","1264":"s","1265":"t","1266":"y","1267":"l","1268":"e","1269":" ","1270":"s","1271":"c","1272":"o","1273":"p","1274":"e","1275":"d","1276":">","1277":"\\","1278":"n","1279":"b","1280":"u","1281":"t","1282":"t","1283":"o","1284":"n","1285":" ","1286":"{","1287":"\\","1288":"n","1289":" ","1290":" ","1291":"@","1292":"a","1293":"p","1294":"p","1295":"l","1296":"y","1297":" ","1298":"p","1299":"x","1300":"-","1301":"5","1302":" ","1303":"p","1304":"y","1305":"-","1306":"3","1307":" ","1308":"r","1309":"o","1310":"u","1311":"n","1312":"d","1313":"e","1314":"d","1315":" ","1316":"f","1317":"o","1318":"n","1319":"t","1320":"-","1321":"m","1322":"e","1323":"d","1324":"i","1325":"u","1326":"m","1327":";","1328":"\\","1329":"n","1330":"}","1331":"\\","1332":"n","1333":"\\","1334":"n","1335":".","1336":"p","1337":"r","1338":"i","1339":"m","1340":"a","1341":"r","1342":"y","1343":" ","1344":"{","1345":"\\","1346":"n","1347":" ","1348":" ","1349":"@","1350":"a","1351":"p","1352":"p","1353":"l","1354":"y","1355":" ","1356":"t","1357":"e","1358":"x","1359":"t","1360":"-","1361":"w","1362":"h","1363":"i","1364":"t","1365":"e","1366":" ","1367":"b","1368":"o","1369":"r","1370":"d","1371":"e","1372":"r","1373":"-","1374":"0","1375":" ","1376":"b","1377":"g","1378":"-","1379":"b","1380":"r","1381":"a","1382":"n","1383":"d","1384":"-","1385":"b","1386":"l","1387":"u","1388":"e","1389":"-","1390":"1","1391":" ","1392":"h","1393":"o","1394":"v","1395":"e","1396":"r","1397":":","1398":"s","1399":"h","1400":"a","1401":"d","1402":"o","1403":"w","1404":"-","1405":"b","1406":"l","1407":"u","1408":"e","1409":";","1410":"\\","1411":"n","1412":"}","1413":"\\","1414":"n","1415":"\\","1416":"n","1417":".","1418":"s","1419":"e","1420":"c","1421":"o","1422":"n","1423":"d","1424":"a","1425":"r","1426":"y","1427":" ","1428":"{","1429":"\\","1430":"n","1431":" ","1432":" ","1433":"@","1434":"a","1435":"p","1436":"p","1437":"l","1438":"y","1439":" ","1440":"t","1441":"e","1442":"x","1443":"t","1444":"-","1445":"b","1446":"r","1447":"a","1448":"n","1449":"d","1450":"-","1451":"b","1452":"l","1453":"u","1454":"e","1455":"-","1456":"1","1457":" ","1458":"b","1459":"g","1460":"-","1461":"t","1462":"r","1463":"a","1464":"n","1465":"s","1466":"p","1467":"a","1468":"r","1469":"e","1470":"n","1471":"t","1472":" ","1473":"h","1474":"o","1475":"v","1476":"e","1477":"r","1478":":","1479":"b","1480":"g","1481":"-","1482":"b","1483":"r","1484":"a","1485":"n","1486":"d","1487":"-","1488":"b","1489":"l","1490":"u","1491":"e","1492":"-","1493":"2","1494":" ","1495":"h","1496":"o","1497":"v","1498":"e","1499":"r","1500":":","1501":"t","1502":"e","1503":"x","1504":"t","1505":"-","1506":"w","1507":"h","1508":"i","1509":"t","1510":"e","1511":";","1512":"\\","1513":"n","1514":"}","1515":"\\","1516":"n","1517":"<","1518":"/","1519":"s","1520":"t","1521":"y","1522":"l","1523":"e","1524":">","1525":"\\","1526":"n","1527":"\"","1528":"]","1529":"}"},"_coverageSchema":"1a1c01bbd47fc00a2c39e90264f33305004495a9","hash":"d6d23dcd93a1291e400ed4dfa6262908b9265b69"}
,"C:\\Users\\Noah\\Desktop\\Vue\\job-search\\src\\components\\MainNav.vue": {"path":"C:\\Users\\Noah\\Desktop\\Vue\\job-search\\src\\components\\MainNav.vue","statementMap":{"0":{"start":{"line":4,"column":29},"end":{"line":4,"column":145}},"1":{"start":{"line":5,"column":0},"end":{"line":7,"column":3}},"2":{"start":{"line":8,"column":0},"end":{"line":8,"column":25}},"3":{"start":{"line":52,"column":0},"end":{"line":52,"column":13}},"4":{"start":{"line":54,"column":0},"end":{"line":56,"column":3}},"5":{"start":{"line":57,"column":0},"end":{"line":57,"column":24}},"6":{"start":{"line":58,"column":11},"end":{"line":58,"column":25}},"7":{"start":{"line":59,"column":19},"end":{"line":61,"column":1}},"8":{"start":{"line":62,"column":19},"end":{"line":64,"column":1}},"9":{"start":{"line":65,"column":19},"end":{"line":67,"column":1}},"10":{"start":{"line":68,"column":19},"end":{"line":68,"column":27}},"11":{"start":{"line":69,"column":19},"end":{"line":71,"column":1}},"12":{"start":{"line":72,"column":19},"end":{"line":74,"column":1}},"13":{"start":{"line":75,"column":19},"end":{"line":78,"column":1}},"14":{"start":{"line":79,"column":19},"end":{"line":81,"column":1}},"15":{"start":{"line":83,"column":35},"end":{"line":83,"column":78}},"16":{"start":{"line":84,"column":35},"end":{"line":84,"column":78}},"17":{"start":{"line":85,"column":28},"end":{"line":85,"column":64}},"18":{"start":{"line":86,"column":2},"end":{"line":106,"column":55}},"19":{"start":{"line":90,"column":4},"end":{"line":94,"column":107}},"20":{"start":{"line":107,"column":2},"end":{"line":107,"column":49}}},"fnMap":{"0":{"name":"render","decl":{"start":{"line":82,"column":9},"end":{"line":82,"column":15}},"loc":{"start":{"line":82,"column":30},"end":{"line":107,"column":1}},"line":82},"1":{"name":"(anonymous_1)","decl":{"start":{"line":89,"column":292},"end":{"line":89,"column":293}},"loc":{"start":{"line":89,"column":304},"end":{"line":95,"column":3}},"line":89}},"branchMap":{"0":{"loc":{"start":{"line":95,"column":87},"end":{"line":103,"column":39}},"type":"cond-expr","locations":[{"start":{"line":95,"column":106},"end":{"line":98,"column":4}},{"start":{"line":98,"column":9},"end":{"line":103,"column":38}}],"line":95},"1":{"loc":{"start":{"line":103,"column":45},"end":{"line":106,"column":50}},"type":"cond-expr","locations":[{"start":{"line":103,"column":64},"end":{"line":106,"column":4}},{"start":{"line":106,"column":8},"end":{"line":106,"column":50}}],"line":103}},"s":{"0":1,"1":1,"2":1,"3":1,"4":1,"5":1,"6":1,"7":1,"8":1,"9":1,"10":1,"11":1,"12":1,"13":1,"14":1,"15":7,"16":7,"17":7,"18":7,"19":42,"20":1},"f":{"0":7,"1":42},"b":{"0":[2,5],"1":[2,5]},"inputSourceMap":{"0":"{","1":"\"","2":"v","3":"e","4":"r","5":"s","6":"i","7":"o","8":"n","9":"\"","10":":","11":"3","12":",","13":"\"","14":"s","15":"o","16":"u","17":"r","18":"c","19":"e","20":"s","21":"\"","22":":","23":"[","24":"\"","25":"C","26":":","27":"\\","28":"\\","29":"U","30":"s","31":"e","32":"r","33":"s","34":"\\","35":"\\","36":"N","37":"o","38":"a","39":"h","40":"\\","41":"\\","42":"D","43":"e","44":"s","45":"k","46":"t","47":"o","48":"p","49":"\\","50":"\\","51":"V","52":"u","53":"e","54":"\\","55":"\\","56":"j","57":"o","58":"b","59":"-","60":"s","61":"e","62":"a","63":"r","64":"c","65":"h","66":"\\","67":"\\","68":"s","69":"r","70":"c","71":"\\","72":"\\","73":"c","74":"o","75":"m","76":"p","77":"o","78":"n","79":"e","80":"n","81":"t","82":"s","83":"\\","84":"\\","85":"M","86":"a","87":"i","88":"n","89":"N","90":"a","91":"v","92":".","93":"v","94":"u","95":"e","96":"\"","97":"]","98":",","99":"\"","100":"n","101":"a","102":"m","103":"e","104":"s","105":"\"","106":":","107":"[","108":"]","109":",","110":"\"","111":"m","112":"a","113":"p","114":"p","115":"i","116":"n","117":"g","118":"s","119":"\"","120":":","121":"\"","122":";","123":";","124":";","125":";","126":";","127":";","128":";","129":";","130":"A","131":"A","132":"0","133":"C","134":"A","135":";","136":"A","137":"A","138":"A","139":"A","140":";","141":"A","142":"A","143":"A","144":"A","145":";","146":"A","147":"A","148":"C","149":"A","150":";","151":"A","152":"A","153":"A","154":"A","155":";","156":"A","157":"A","158":"A","159":"A","160":";","161":"A","162":"A","163":"C","164":"A","165":";","166":"A","167":"A","168":"A","169":"A","170":";","171":"A","172":"A","173":"A","174":"A","175":";","176":"A","177":"A","178":"A","179":"6","180":"C","181":";","182":"A","183":"A","184":"A","185":"A","186":",","187":"i","188":"C","189":"A","190":"E","191":"9","192":"B","193":";","194":"E","195":"A","196":"C","197":"b","198":",","199":"I","200":"A","201":"A","202":"I","203":",","204":"E","205":"A","206":"A","207":"E","208":",","209":"S","210":"A","211":"A","212":"S","213":";","214":"E","215":"A","216":"C","217":"f","218":",","219":"U","220":"A","221":"A","222":"U","223":",","224":"E","225":"A","226":"A","227":"E","228":";","229":"I","230":"A","231":"C","232":"V","233":",","234":"Y","235":"A","236":"A","237":"Y","238":";","239":"I","240":"A","241":"A","242":"Z","243":";","244":"I","245":"A","246":"A","247":"A","248":";","249":"I","250":"A","251":"A","252":"A","253":";","254":"I","255":"A","256":"A","257":"A","258":",","259":"O","260":"A","261":"A","262":"Y","263":";","264":"I","265":"A","266":"C","267":"Z","268":",","269":"Y","270":"A","271":"A","272":"Y","273":";","274":"I","275":"A","276":"A","277":"Z","278":";","279":"I","280":"A","281":"A","282":"A","283":";","284":"I","285":"A","286":"A","287":"A","288":";","289":"I","290":"A","291":"A","292":"A","293":",","294":"O","295":"A","296":"A","297":"Y","298":";","299":"I","300":"A","301":"C","302":"Z","303":",","304":"M","305":"A","306":"A","307":"M","308":";","309":"I","310":"A","311":"A","312":"N","313":";","314":"I","315":"A","316":"A","317":"A","318":";","319":"I","320":"A","321":"A","322":"A","323":";","324":"I","325":"A","326":"A","327":"A","328":";","329":"E","330":"A","331":"C","332":"F","333":",","334":"C","335":"A","336":"A","337":"C","338":";","339":"E","340":"A","341":"C","342":"D","343":",","344":"I","345":"A","346":"A","347":"I","348":",","349":"G","350":"A","351":"A","352":"G","353":";","354":"I","355":"A","356":"C","357":"L","358":",","359":"O","360":"A","361":"A","362":"O","363":";","364":"M","365":"A","366":"C","367":"L","368":",","369":"O","370":"A","371":"A","372":"O","373":",","374":"E","375":"A","376":"A","377":"E","378":",","379":"c","380":"A","381":"A","382":"c","383":";","384":"M","385":"A","386":"C","387":"v","388":"B","389":",","390":"G","391":"A","392":"A","393":"G","394":",","395":"E","396":"A","397":"A","398":"E","399":",","400":"4","401":"B","402":"A","403":"A","404":"4","405":"B","406":";","407":"M","408":"A","409":"C","410":"j","411":"C","412":",","413":"S","414":"A","415":"A","416":"S","417":",","418":"E","419":"A","420":"A","421":"E","422":",","423":"C","424":"A","425":"C","426":"T","427":",","428":"O","429":"A","430":"A","431":"O","432":",","433":"E","434":"A","435":"C","436":"P","437":",","438":"W","439":"A","440":"A","441":"W","442":",","443":"E","444":"A","445":"C","446":"X","447":",","448":"c","449":"A","450":"A","451":"c","452":",","453":"E","454":"A","455":"C","456":"d","457":",","458":"a","459":"A","460":"A","461":"a","462":",","463":"E","464":"A","465":"C","466":"b","467":",","468":"U","469":"A","470":"A","471":"U","472":",","473":"E","474":"A","475":"C","476":"V","477":",","478":"M","479":"A","480":"A","481":"M","482":",","483":"C","484":"A","485":"C","486":"P","487":";","488":"M","489":"A","490":"C","491":"D","492":",","493":"U","494":"A","495":"A","496":"U","497":",","498":"E","499":"A","500":"A","501":"E","502":";","503":"I","504":"A","505":"C","506":"d","507":",","508":"C","509":"A","510":"A","511":"C","512":";","513":"E","514":"A","515":"C","516":"H","517":",","518":"C","519":"A","520":"A","521":"C","522":";","523":"E","524":"A","525":"C","526":"D","527":",","528":"O","529":"A","530":"A","531":"O","532":",","533":"E","534":"A","535":"A","536":"E","537":";","538":"I","539":"A","540":"C","541":"P","542":",","543":"S","544":"A","545":"A","546":"S","547":",","548":"G","549":"A","550":"A","551":"G","552":";","553":"M","554":"A","555":"C","556":"V","557":",","558":"I","559":"A","560":"A","561":"I","562":",","563":"C","564":"A","565":"A","566":"C","567":",","568":"U","569":"A","570":"A","571":"U","572":",","573":"G","574":"A","575":"A","576":"G","577":",","578":"I","579":"A","580":"A","581":"I","582":";","583":"I","584":"A","585":"C","586":"x","587":"B","588":";","589":"E","590":"A","591":"C","592":"F","593":";","594":"A","595":"A","596":"C","597":"F","598":",","599":"C","600":"A","601":"A","602":"C","603":"\"","604":",","605":"\"","606":"f","607":"i","608":"l","609":"e","610":"\"","611":":","612":"\"","613":"C","614":":","615":"\\","616":"\\","617":"U","618":"s","619":"e","620":"r","621":"s","622":"\\","623":"\\","624":"N","625":"o","626":"a","627":"h","628":"\\","629":"\\","630":"D","631":"e","632":"s","633":"k","634":"t","635":"o","636":"p","637":"\\","638":"\\","639":"V","640":"u","641":"e","642":"\\","643":"\\","644":"j","645":"o","646":"b","647":"-","648":"s","649":"e","650":"a","651":"r","652":"c","653":"h","654":"\\","655":"\\","656":"s","657":"r","658":"c","659":"\\","660":"\\","661":"c","662":"o","663":"m","664":"p","665":"o","666":"n","667":"e","668":"n","669":"t","670":"s","671":"\\","672":"\\","673":"M","674":"a","675":"i","676":"n","677":"N","678":"a","679":"v","680":".","681":"v","682":"u","683":"e","684":"\"","685":",","686":"\"","687":"s","688":"o","689":"u","690":"r","691":"c","692":"e","693":"s","694":"C","695":"o","696":"n","697":"t","698":"e","699":"n","700":"t","701":"\"","702":":","703":"[","704":"\"","705":"<","706":"t","707":"e","708":"m","709":"p","710":"l","711":"a","712":"t","713":"e","714":">","715":"\\","716":"n","717":" ","718":" ","719":"<","720":"h","721":"e","722":"a","723":"d","724":"e","725":"r","726":" ","727":"c","728":"l","729":"a","730":"s","731":"s","732":"=","733":"\\","734":"\"","735":"w","736":"-","737":"f","738":"u","739":"l","740":"l","741":" ","742":"t","743":"e","744":"x","745":"t","746":"-","747":"s","748":"m","749":"\\","750":"\"","751":">","752":"\\","753":"n","754":" ","755":" ","756":" ","757":" ","758":"<","759":"d","760":"i","761":"v","762":" ","763":"c","764":"l","765":"a","766":"s","767":"s","768":"=","769":"\\","770":"\"","771":"f","772":"i","773":"x","774":"e","775":"d","776":" ","777":"t","778":"o","779":"p","780":"-","781":"0","782":" ","783":"l","784":"e","785":"f","786":"t","787":"-","788":"0","789":" ","790":"w","791":"-","792":"f","793":"u","794":"l","795":"l","796":" ","797":"h","798":"-","799":"1","800":"6","801":" ","802":"b","803":"g","804":"-","805":"w","806":"h","807":"i","808":"t","809":"e","810":"\\","811":"\"","812":">","813":"\\","814":"n","815":" ","816":" ","817":" ","818":" ","819":" ","820":" ","821":"<","822":"d","823":"i","824":"v","825":"\\","826":"n","827":" ","828":" ","829":" ","830":" ","831":" ","832":" ","833":" ","834":" ","835":"c","836":"l","837":"a","838":"s","839":"s","840":"=","841":"\\","842":"\"","843":"f","844":"l","845":"e","846":"x","847":" ","848":"f","849":"l","850":"e","851":"x","852":"-","853":"n","854":"o","855":"w","856":"r","857":"a","858":"p","859":" ","860":"h","861":"-","862":"f","863":"u","864":"l","865":"l","866":" ","867":"p","868":"x","869":"-","870":"8","871":" ","872":"m","873":"x","874":"-","875":"a","876":"u","877":"t","878":"o","879":" ","880":"b","881":"o","882":"r","883":"d","884":"e","885":"r","886":"-","887":"b","888":" ","889":"b","890":"o","891":"r","892":"d","893":"e","894":"r","895":"-","896":"s","897":"o","898":"l","899":"i","900":"d","901":" ","902":"b","903":"o","904":"r","905":"d","906":"e","907":"r","908":"-","909":"b","910":"r","911":"a","912":"n","913":"d","914":"-","915":"g","916":"r","917":"a","918":"y","919":"-","920":"1","921":"\\","922":"\"","923":"\\","924":"n","925":" ","926":" ","927":" ","928":" ","929":" ","930":" ","931":">","932":"\\","933":"n","934":" ","935":" ","936":" ","937":" ","938":" ","939":" ","940":" ","941":" ","942":"<","943":"a","944":" ","945":":","946":"h","947":"r","948":"e","949":"f","950":"=","951":"\\","952":"\"","953":"u","954":"r","955":"l","956":"\\","957":"\"","958":" ","959":"c","960":"l","961":"a","962":"s","963":"s","964":"=","965":"\\","966":"\"","967":"f","968":"l","969":"e","970":"x","971":" ","972":"i","973":"t","974":"e","975":"m","976":"s","977":"-","978":"c","979":"e","980":"n","981":"t","982":"e","983":"r","984":" ","985":"h","986":"-","987":"f","988":"u","989":"l","990":"l","991":" ","992":"t","993":"e","994":"x","995":"t","996":"-","997":"x","998":"l","999":"\\","1000":"\"","1001":">","1002":"{","1003":"{","1004":"\\","1005":"n","1006":" ","1007":" ","1008":" ","1009":" ","1010":" ","1011":" ","1012":" ","1013":" ","1014":" ","1015":" ","1016":"c","1017":"o","1018":"m","1019":"p","1020":"a","1021":"n","1022":"y","1023":"\\","1024":"n","1025":" ","1026":" ","1027":" ","1028":" ","1029":" ","1030":" ","1031":" ","1032":" ","1033":"}","1034":"}","1035":"<","1036":"/","1037":"a","1038":">","1039":"\\","1040":"n","1041":"\\","1042":"n","1043":" ","1044":" ","1045":" ","1046":" ","1047":" ","1048":" ","1049":" ","1050":" ","1051":"<","1052":"n","1053":"a","1054":"v","1055":" ","1056":"c","1057":"l","1058":"a","1059":"s","1060":"s","1061":"=","1062":"\\","1063":"\"","1064":"h","1065":"-","1066":"f","1067":"u","1068":"l","1069":"l","1070":" ","1071":"m","1072":"l","1073":"-","1074":"1","1075":"2","1076":"\\","1077":"\"","1078":">","1079":"\\","1080":"n","1081":" ","1082":" ","1083":" ","1084":" ","1085":" ","1086":" ","1087":" ","1088":" ","1089":" ","1090":" ","1091":"<","1092":"u","1093":"l","1094":" ","1095":"c","1096":"l","1097":"a","1098":"s","1099":"s","1100":"=","1101":"\\","1102":"\"","1103":"f","1104":"l","1105":"e","1106":"x","1107":" ","1108":"h","1109":"-","1110":"f","1111":"u","1112":"l","1113":"l","1114":" ","1115":"p","1116":"-","1117":"0","1118":" ","1119":"m","1120":"-","1121":"0","1122":" ","1123":"l","1124":"i","1125":"s","1126":"t","1127":"-","1128":"n","1129":"o","1130":"n","1131":"e","1132":"\\","1133":"\"","1134":">","1135":"\\","1136":"n","1137":" ","1138":" ","1139":" ","1140":" ","1141":" ","1142":" ","1143":" ","1144":" ","1145":" ","1146":" ","1147":" ","1148":" ","1149":"<","1150":"l","1151":"i","1152":"\\","1153":"n","1154":" ","1155":" ","1156":" ","1157":" ","1158":" ","1159":" ","1160":" ","1161":" ","1162":" ","1163":" ","1164":" ","1165":" ","1166":" ","1167":" ","1168":"v","1169":"-","1170":"f","1171":"o","1172":"r","1173":"=","1174":"\\","1175":"\"","1176":"m","1177":"e","1178":"n","1179":"u","1180":"I","1181":"t","1182":"e","1183":"m","1184":" ","1185":"i","1186":"n","1187":" ","1188":"m","1189":"e","1190":"n","1191":"u","1192":"I","1193":"t","1194":"e","1195":"m","1196":"s","1197":"\\","1198":"\"","1199":"\\","1200":"n","1201":" ","1202":" ","1203":" ","1204":" ","1205":" ","1206":" ","1207":" ","1208":" ","1209":" ","1210":" ","1211":" ","1212":" ","1213":" ","1214":" ","1215":":","1216":"k","1217":"e","1218":"y","1219":"=","1220":"\\","1221":"\"","1222":"m","1223":"e","1224":"n","1225":"u","1226":"I","1227":"t","1228":"e","1229":"m","1230":"\\","1231":"\"","1232":"\\","1233":"n","1234":" ","1235":" ","1236":" ","1237":" ","1238":" ","1239":" ","1240":" ","1241":" ","1242":" ","1243":" ","1244":" ","1245":" ","1246":" ","1247":" ","1248":"c","1249":"l","1250":"a","1251":"s","1252":"s","1253":"=","1254":"\\","1255":"\"","1256":"h","1257":"-","1258":"f","1259":"u","1260":"l","1261":"l","1262":" ","1263":"m","1264":"l","1265":"-","1266":"9","1267":" ","1268":"f","1269":"i","1270":"r","1271":"s","1272":"t","1273":":","1274":"m","1275":"l","1276":"-","1277":"0","1278":"\\","1279":"\"","1280":"\\","1281":"n","1282":" ","1283":" ","1284":" ","1285":" ","1286":" ","1287":" ","1288":" ","1289":" ","1290":" ","1291":" ","1292":" ","1293":" ","1294":" ","1295":" ","1296":"d","1297":"a","1298":"t","1299":"a","1300":"-","1301":"t","1302":"e","1303":"s","1304":"t","1305":"=","1306":"\\","1307":"\"","1308":"m","1309":"a","1310":"i","1311":"n","1312":"-","1313":"n","1314":"a","1315":"v","1316":"-","1317":"l","1318":"i","1319":"s","1320":"t","1321":"-","1322":"i","1323":"t","1324":"e","1325":"m","1326":"\\","1327":"\"","1328":"\\","1329":"n","1330":" ","1331":" ","1332":" ","1333":" ","1334":" ","1335":" ","1336":" ","1337":" ","1338":" ","1339":" ","1340":" ","1341":" ","1342":">","1343":"\\","1344":"n","1345":" ","1346":" ","1347":" ","1348":" ","1349":" ","1350":" ","1351":" ","1352":" ","1353":" ","1354":" ","1355":" ","1356":" ","1357":" ","1358":" ","1359":"<","1360":"a","1361":" ","1362":"h","1363":"r","1364":"e","1365":"f","1366":"=","1367":"\\","1368":"\"","1369":"\\","1370":"\"","1371":" ","1372":"c","1373":"l","1374":"a","1375":"s","1376":"s","1377":"=","1378":"\\","1379":"\"","1380":"f","1381":"l","1382":"e","1383":"x","1384":" ","1385":"i","1386":"t","1387":"e","1388":"m","1389":"s","1390":"-","1391":"c","1392":"e","1393":"n","1394":"t","1395":"e","1396":"r","1397":" ","1398":"h","1399":"-","1400":"f","1401":"u","1402":"l","1403":"l","1404":" ","1405":"p","1406":"y","1407":"-","1408":"2","1409":".","1410":"5","1411":"\\","1412":"\"","1413":">","1414":"{","1415":"{","1416":"\\","1417":"n","1418":" ","1419":" ","1420":" ","1421":" ","1422":" ","1423":" ","1424":" ","1425":" ","1426":" ","1427":" ","1428":" ","1429":" ","1430":" ","1431":" ","1432":" ","1433":" ","1434":"m","1435":"e","1436":"n","1437":"u","1438":"I","1439":"t","1440":"e","1441":"m","1442":"\\","1443":"n","1444":" ","1445":" ","1446":" ","1447":" ","1448":" ","1449":" ","1450":" ","1451":" ","1452":" ","1453":" ","1454":" ","1455":" ","1456":" ","1457":" ","1458":"}","1459":"}","1460":"<","1461":"/","1462":"a","1463":">","1464":"\\","1465":"n","1466":" ","1467":" ","1468":" ","1469":" ","1470":" ","1471":" ","1472":" ","1473":" ","1474":" ","1475":" ","1476":" ","1477":" ","1478":"<","1479":"/","1480":"l","1481":"i","1482":">","1483":"\\","1484":"n","1485":" ","1486":" ","1487":" ","1488":" ","1489":" ","1490":" ","1491":" ","1492":" ","1493":" ","1494":" ","1495":"<","1496":"/","1497":"u","1498":"l","1499":">","1500":"\\","1501":"n","1502":" ","1503":" ","1504":" ","1505":" ","1506":" ","1507":" ","1508":" ","1509":" ","1510":"<","1511":"/","1512":"n","1513":"a","1514":"v","1515":">","1516":"\\","1517":"n","1518":"\\","1519":"n","1520":" ","1521":" ","1522":" ","1523":" ","1524":" ","1525":" ","1526":" ","1527":" ","1528":"<","1529":"d","1530":"i","1531":"v","1532":" ","1533":"c","1534":"l","1535":"a","1536":"s","1537":"s","1538":"=","1539":"\\","1540":"\"","1541":"f","1542":"l","1543":"e","1544":"x","1545":" ","1546":"i","1547":"t","1548":"e","1549":"m","1550":"s","1551":"-","1552":"c","1553":"e","1554":"n","1555":"t","1556":"e","1557":"r","1558":" ","1559":"h","1560":"-","1561":"f","1562":"u","1563":"l","1564":"l","1565":" ","1566":"m","1567":"l","1568":"-","1569":"a","1570":"u","1571":"t","1572":"o","1573":"\\","1574":"\"","1575":">","1576":"\\","1577":"n","1578":" ","1579":" ","1580":" ","1581":" ","1582":" ","1583":" ","1584":" ","1585":" ","1586":" ","1587":" ","1588":"<","1589":"p","1590":"r","1591":"o","1592":"f","1593":"i","1594":"l","1595":"e","1596":"-","1597":"i","1598":"m","1599":"a","1600":"g","1601":"e","1602":" ","1603":"v","1604":"-","1605":"i","1606":"f","1607":"=","1608":"\\","1609":"\"","1610":"i","1611":"s","1612":"L","1613":"o","1614":"g","1615":"g","1616":"e","1617":"d","1618":"I","1619":"n","1620":"\\","1621":"\"","1622":" ","1623":"d","1624":"a","1625":"t","1626":"a","1627":"-","1628":"t","1629":"e","1630":"s","1631":"t","1632":"=","1633":"\\","1634":"\"","1635":"p","1636":"r","1637":"o","1638":"f","1639":"i","1640":"l","1641":"e","1642":"-","1643":"i","1644":"m","1645":"a","1646":"g","1647":"e","1648":"\\","1649":"\"","1650":" ","1651":"/","1652":">","1653":"\\","1654":"n","1655":" ","1656":" ","1657":" ","1658":" ","1659":" ","1660":" ","1661":" ","1662":" ","1663":" ","1664":" ","1665":"<","1666":"a","1667":"c","1668":"t","1669":"i","1670":"o","1671":"n","1672":"-","1673":"b","1674":"u","1675":"t","1676":"t","1677":"o","1678":"n","1679":"\\","1680":"n","1681":" ","1682":" ","1683":" ","1684":" ","1685":" ","1686":" ","1687":" ","1688":" ","1689":" ","1690":" ","1691":" ","1692":" ","1693":"v","1694":"-","1695":"e","1696":"l","1697":"s","1698":"e","1699":"\\","1700":"n","1701":" ","1702":" ","1703":" ","1704":" ","1705":" ","1706":" ","1707":" ","1708":" ","1709":" ","1710":" ","1711":" ","1712":" ","1713":"t","1714":"e","1715":"x","1716":"t","1717":"=","1718":"\\","1719":"\"","1720":"S","1721":"i","1722":"g","1723":"n","1724":" ","1725":"i","1726":"n","1727":"\\","1728":"\"","1729":"\\","1730":"n","1731":" ","1732":" ","1733":" ","1734":" ","1735":" ","1736":" ","1737":" ","1738":" ","1739":" ","1740":" ","1741":" ","1742":" ","1743":"d","1744":"a","1745":"t","1746":"a","1747":"-","1748":"t","1749":"e","1750":"s","1751":"t","1752":"=","1753":"\\","1754":"\"","1755":"l","1756":"o","1757":"g","1758":"i","1759":"n","1760":"-","1761":"b","1762":"u","1763":"t","1764":"t","1765":"o","1766":"n","1767":"\\","1768":"\"","1769":"\\","1770":"n","1771":" ","1772":" ","1773":" ","1774":" ","1775":" ","1776":" ","1777":" ","1778":" ","1779":" ","1780":" ","1781":" ","1782":" ","1783":"@","1784":"c","1785":"l","1786":"i","1787":"c","1788":"k","1789":"=","1790":"\\","1791":"\"","1792":"l","1793":"o","1794":"g","1795":"i","1796":"n","1797":"U","1798":"s","1799":"e","1800":"r","1801":"\\","1802":"\"","1803":"\\","1804":"n","1805":" ","1806":" ","1807":" ","1808":" ","1809":" ","1810":" ","1811":" ","1812":" ","1813":" ","1814":" ","1815":"/","1816":">","1817":"\\","1818":"n","1819":" ","1820":" ","1821":" ","1822":" ","1823":" ","1824":" ","1825":" ","1826":" ","1827":"<","1828":"/","1829":"d","1830":"i","1831":"v","1832":">","1833":"\\","1834":"n","1835":" ","1836":" ","1837":" ","1838":" ","1839":" ","1840":" ","1841":"<","1842":"/","1843":"d","1844":"i","1845":"v","1846":">","1847":"\\","1848":"n","1849":"\\","1850":"n","1851":" ","1852":" ","1853":" ","1854":" ","1855":" ","1856":" ","1857":"<","1858":"S","1859":"u","1860":"b","1861":"n","1862":"a","1863":"v","1864":" ","1865":"v","1866":"-","1867":"i","1868":"f","1869":"=","1870":"\\","1871":"\"","1872":"i","1873":"s","1874":"L","1875":"o","1876":"g","1877":"g","1878":"e","1879":"d","1880":"I","1881":"n","1882":"\\","1883":"\"","1884":" ","1885":"d","1886":"a","1887":"t","1888":"a","1889":"-","1890":"t","1891":"e","1892":"s","1893":"t","1894":"=","1895":"\\","1896":"\"","1897":"s","1898":"u","1899":"b","1900":"n","1901":"a","1902":"v","1903":"\\","1904":"\"","1905":" ","1906":"/","1907":">","1908":"\\","1909":"n","1910":" ","1911":" ","1912":" ","1913":" ","1914":"<","1915":"/","1916":"d","1917":"i","1918":"v","1919":">","1920":"\\","1921":"n","1922":" ","1923":" ","1924":"<","1925":"/","1926":"h","1927":"e","1928":"a","1929":"d","1930":"e","1931":"r","1932":">","1933":"\\","1934":"n","1935":"<","1936":"/","1937":"t","1938":"e","1939":"m","1940":"p","1941":"l","1942":"a","1943":"t","1944":"e","1945":">","1946":"\\","1947":"n","1948":"\\","1949":"n","1950":"<","1951":"s","1952":"c","1953":"r","1954":"i","1955":"p","1956":"t","1957":">","1958":"\\","1959":"n","1960":"i","1961":"m","1962":"p","1963":"o","1964":"r","1965":"t","1966":" ","1967":"A","1968":"c","1969":"t","1970":"i","1971":"o","1972":"n","1973":"B","1974":"u","1975":"t","1976":"t","1977":"o","1978":"n","1979":" ","1980":"f","1981":"r","1982":"o","1983":"m","1984":" ","1985":"\\","1986":"\"","1987":"@","1988":"/","1989":"c","1990":"o","1991":"m","1992":"p","1993":"o","1994":"n","1995":"e","1996":"n","1997":"t","1998":"s","1999":"/","2000":"A","2001":"c","2002":"t","2003":"i","2004":"o","2005":"n","2006":"B","2007":"u","2008":"t","2009":"t","2010":"o","2011":"n","2012":".","2013":"v","2014":"u","2015":"e","2016":"\\","2017":"\"","2018":";","2019":"\\","2020":"n","2021":"i","2022":"m","2023":"p","2024":"o","2025":"r","2026":"t","2027":" ","2028":"P","2029":"r","2030":"o","2031":"f","2032":"i","2033":"l","2034":"e","2035":"I","2036":"m","2037":"a","2038":"g","2039":"e","2040":" ","2041":"f","2042":"r","2043":"o","2044":"m","2045":" ","2046":"\\","2047":"\"","2048":"@","2049":"/","2050":"c","2051":"o","2052":"m","2053":"p","2054":"o","2055":"n","2056":"e","2057":"n","2058":"t","2059":"s","2060":"/","2061":"P","2062":"r","2063":"o","2064":"f","2065":"i","2066":"l","2067":"e","2068":"I","2069":"m","2070":"a","2071":"g","2072":"e","2073":".","2074":"v","2075":"u","2076":"e","2077":"\\","2078":"\"","2079":";","2080":"\\","2081":"n","2082":"i","2083":"m","2084":"p","2085":"o","2086":"r","2087":"t","2088":" ","2089":"S","2090":"u","2091":"b","2092":"n","2093":"a","2094":"v","2095":" ","2096":"f","2097":"r","2098":"o","2099":"m","2100":" ","2101":"\\","2102":"\"","2103":"@","2104":"/","2105":"c","2106":"o","2107":"m","2108":"p","2109":"o","2110":"n","2111":"e","2112":"n","2113":"t","2114":"s","2115":"/","2116":"S","2117":"u","2118":"b","2119":"n","2120":"a","2121":"v","2122":".","2123":"v","2124":"u","2125":"e","2126":"\\","2127":"\"","2128":";","2129":"\\","2130":"n","2131":"\\","2132":"n","2133":"e","2134":"x","2135":"p","2136":"o","2137":"r","2138":"t","2139":" ","2140":"d","2141":"e","2142":"f","2143":"a","2144":"u","2145":"l","2146":"t","2147":" ","2148":"{","2149":"\\","2150":"n","2151":" ","2152":" ","2153":"n","2154":"a","2155":"m","2156":"e","2157":":","2158":" ","2159":"\\","2160":"\"","2161":"M","2162":"a","2163":"i","2164":"n","2165":"N","2166":"a","2167":"v","2168":"\\","2169":"\"","2170":",","2171":"\\","2172":"n","2173":" ","2174":" ","2175":"c","2176":"o","2177":"m","2178":"p","2179":"o","2180":"n","2181":"e","2182":"n","2183":"t","2184":"s","2185":":","2186":" ","2187":"{","2188":"\\","2189":"n","2190":" ","2191":" ","2192":" ","2193":" ","2194":"A","2195":"c","2196":"t","2197":"i","2198":"o","2199":"n","2200":"B","2201":"u","2202":"t","2203":"t","2204":"o","2205":"n","2206":",","2207":"\\","2208":"n","2209":" ","2210":" ","2211":" ","2212":" ","2213":"P","2214":"r","2215":"o","2216":"f","2217":"i","2218":"l","2219":"e","2220":"I","2221":"m","2222":"a","2223":"g","2224":"e","2225":",","2226":"\\","2227":"n","2228":" ","2229":" ","2230":" ","2231":" ","2232":"S","2233":"u","2234":"b","2235":"n","2236":"a","2237":"v","2238":",","2239":"\\","2240":"n","2241":" ","2242":" ","2243":"}","2244":",","2245":"\\","2246":"n","2247":" ","2248":" ","2249":"d","2250":"a","2251":"t","2252":"a","2253":"(","2254":")","2255":" ","2256":"{","2257":"\\","2258":"n","2259":" ","2260":" ","2261":" ","2262":" ","2263":"r","2264":"e","2265":"t","2266":"u","2267":"r","2268":"n","2269":" ","2270":"{","2271":"\\","2272":"n","2273":" ","2274":" ","2275":" ","2276":" ","2277":" ","2278":" ","2279":"c","2280":"o","2281":"m","2282":"p","2283":"a","2284":"n","2285":"y","2286":":","2287":" ","2288":"\\","2289":"\"","2290":"B","2291":"o","2292":"b","2293":"o","2294":" ","2295":"C","2296":"a","2297":"r","2298":"e","2299":"e","2300":"r","2301":"s","2302":"\\","2303":"\"","2304":",","2305":"\\","2306":"n","2307":" ","2308":" ","2309":" ","2310":" ","2311":" ","2312":" ","2313":"u","2314":"r","2315":"l","2316":":","2317":" ","2318":"\\","2319":"\"","2320":"h","2321":"t","2322":"t","2323":"p","2324":"s","2325":":","2326":"/","2327":"/","2328":"c","2329":"a","2330":"r","2331":"e","2332":"e","2333":"r","2334":"s","2335":".","2336":"g","2337":"o","2338":"o","2339":"g","2340":"l","2341":"e","2342":".","2343":"c","2344":"o","2345":"m","2346":"\\","2347":"\"","2348":",","2349":"\\","2350":"n","2351":" ","2352":" ","2353":" ","2354":" ","2355":" ","2356":" ","2357":"m","2358":"e","2359":"n","2360":"u","2361":"I","2362":"t","2363":"e","2364":"m","2365":"s","2366":":","2367":" ","2368":"[","2369":"\\","2370":"n","2371":" ","2372":" ","2373":" ","2374":" ","2375":" ","2376":" ","2377":" ","2378":" ","2379":"\\","2380":"\"","2381":"T","2382":"e","2383":"a","2384":"m","2385":"s","2386":"\\","2387":"\"","2388":",","2389":"\\","2390":"n","2391":" ","2392":" ","2393":" ","2394":" ","2395":" ","2396":" ","2397":" ","2398":" ","2399":"\\","2400":"\"","2401":"L","2402":"o","2403":"c","2404":"a","2405":"t","2406":"i","2407":"o","2408":"n","2409":"s","2410":"\\","2411":"\"","2412":",","2413":"\\","2414":"n","2415":" ","2416":" ","2417":" ","2418":" ","2419":" ","2420":" ","2421":" ","2422":" ","2423":"\\","2424":"\"","2425":"L","2426":"i","2427":"f","2428":"e","2429":" ","2430":"a","2431":"t","2432":" ","2433":"B","2434":"o","2435":"b","2436":"o","2437":"\\","2438":"\"","2439":",","2440":"\\","2441":"n","2442":" ","2443":" ","2444":" ","2445":" ","2446":" ","2447":" ","2448":" ","2449":" ","2450":"\\","2451":"\"","2452":"H","2453":"o","2454":"w","2455":" ","2456":"w","2457":"e","2458":" ","2459":"h","2460":"i","2461":"r","2462":"e","2463":"\\","2464":"\"","2465":",","2466":"\\","2467":"n","2468":" ","2469":" ","2470":" ","2471":" ","2472":" ","2473":" ","2474":" ","2475":" ","2476":"\\","2477":"\"","2478":"S","2479":"t","2480":"u","2481":"d","2482":"e","2483":"n","2484":"t","2485":"s","2486":"\\","2487":"\"","2488":",","2489":"\\","2490":"n","2491":" ","2492":" ","2493":" ","2494":" ","2495":" ","2496":" ","2497":" ","2498":" ","2499":"\\","2500":"\"","2501":"J","2502":"o","2503":"b","2504":"s","2505":"\\","2506":"\"","2507":",","2508":"\\","2509":"n","2510":" ","2511":" ","2512":" ","2513":" ","2514":" ","2515":" ","2516":"]","2517":",","2518":"\\","2519":"n","2520":" ","2521":" ","2522":" ","2523":" ","2524":" ","2525":" ","2526":"i","2527":"s","2528":"L","2529":"o","2530":"g","2531":"g","2532":"e","2533":"d","2534":"I","2535":"n","2536":":","2537":" ","2538":"f","2539":"a","2540":"l","2541":"s","2542":"e","2543":",","2544":"\\","2545":"n","2546":" ","2547":" ","2548":" ","2549":" ","2550":"}","2551":";","2552":"\\","2553":"n","2554":" ","2555":" ","2556":"}","2557":",","2558":"\\","2559":"n","2560":" ","2561":" ","2562":"m","2563":"e","2564":"t","2565":"h","2566":"o","2567":"d","2568":"s","2569":":","2570":" ","2571":"{","2572":"\\","2573":"n","2574":" ","2575":" ","2576":" ","2577":" ","2578":"l","2579":"o","2580":"g","2581":"i","2582":"n","2583":"U","2584":"s","2585":"e","2586":"r","2587":"(","2588":")","2589":" ","2590":"{","2591":"\\","2592":"n","2593":" ","2594":" ","2595":" ","2596":" ","2597":" ","2598":" ","2599":"t","2600":"h","2601":"i","2602":"s","2603":".","2604":"i","2605":"s","2606":"L","2607":"o","2608":"g","2609":"g","2610":"e","2611":"d","2612":"I","2613":"n","2614":" ","2615":"=","2616":" ","2617":"t","2618":"r","2619":"u","2620":"e","2621":";","2622":"\\","2623":"n","2624":" ","2625":" ","2626":" ","2627":" ","2628":"}","2629":",","2630":"\\","2631":"n","2632":" ","2633":" ","2634":"}","2635":",","2636":"\\","2637":"n","2638":"}","2639":";","2640":"\\","2641":"n","2642":"<","2643":"/","2644":"s","2645":"c","2646":"r","2647":"i","2648":"p","2649":"t","2650":">","2651":"\\","2652":"n","2653":"\"","2654":"]","2655":"}"},"_coverageSchema":"1a1c01bbd47fc00a2c39e90264f33305004495a9","hash":"16d8e77315179ebbac64e648ac102721122c06bc"}
,"C:\\Users\\Noah\\Desktop\\Vue\\job-search\\src\\components\\ProfileImage.vue": {"path":"C:\\Users\\Noah\\Desktop\\Vue\\job-search\\src\\components\\ProfileImage.vue","statementMap":{"0":{"start":{"line":4,"column":0},"end":{"line":6,"column":3}},"1":{"start":{"line":7,"column":0},"end":{"line":7,"column":25}},"2":{"start":{"line":8,"column":15},"end":{"line":15,"column":1}},"3":{"start":{"line":11,"column":4},"end":{"line":13,"column":6}},"4":{"start":{"line":16,"column":0},"end":{"line":16,"column":13}},"5":{"start":{"line":18,"column":0},"end":{"line":20,"column":3}},"6":{"start":{"line":21,"column":0},"end":{"line":21,"column":24}},"7":{"start":{"line":22,"column":11},"end":{"line":22,"column":25}},"8":{"start":{"line":23,"column":19},"end":{"line":23,"column":26}},"9":{"start":{"line":25,"column":2},"end":{"line":28,"column":38}},"10":{"start":{"line":29,"column":2},"end":{"line":29,"column":49}}},"fnMap":{"0":{"name":"(anonymous_0)","decl":{"start":{"line":10,"column":2},"end":{"line":10,"column":3}},"loc":{"start":{"line":10,"column":9},"end":{"line":14,"column":3}},"line":10},"1":{"name":"render","decl":{"start":{"line":24,"column":9},"end":{"line":24,"column":15}},"loc":{"start":{"line":24,"column":30},"end":{"line":29,"column":1}},"line":24}},"branchMap":{},"s":{"0":2,"1":2,"2":2,"3":1,"4":2,"5":2,"6":2,"7":2,"8":2,"9":1,"10":2},"f":{"0":1,"1":1},"b":{},"inputSourceMap":{"0":"{","1":"\"","2":"v","3":"e","4":"r","5":"s","6":"i","7":"o","8":"n","9":"\"","10":":","11":"3","12":",","13":"\"","14":"s","15":"o","16":"u","17":"r","18":"c","19":"e","20":"s","21":"\"","22":":","23":"[","24":"\"","25":"C","26":":","27":"\\","28":"\\","29":"U","30":"s","31":"e","32":"r","33":"s","34":"\\","35":"\\","36":"N","37":"o","38":"a","39":"h","40":"\\","41":"\\","42":"D","43":"e","44":"s","45":"k","46":"t","47":"o","48":"p","49":"\\","50":"\\","51":"V","52":"u","53":"e","54":"\\","55":"\\","56":"j","57":"o","58":"b","59":"-","60":"s","61":"e","62":"a","63":"r","64":"c","65":"h","66":"\\","67":"\\","68":"s","69":"r","70":"c","71":"\\","72":"\\","73":"c","74":"o","75":"m","76":"p","77":"o","78":"n","79":"e","80":"n","81":"t","82":"s","83":"\\","84":"\\","85":"P","86":"r","87":"o","88":"f","89":"i","90":"l","91":"e","92":"I","93":"m","94":"a","95":"g","96":"e","97":".","98":"v","99":"u","100":"e","101":"\"","102":"]","103":",","104":"\"","105":"n","106":"a","107":"m","108":"e","109":"s","110":"\"","111":":","112":"[","113":"]","114":",","115":"\"","116":"m","117":"a","118":"p","119":"p","120":"i","121":"n","122":"g","123":"s","124":"\"","125":":","126":"\"","127":";","128":";","129":";","130":";","131":";","132":";","133":";","134":"i","135":"C","136":"A","137":"K","138":"e","139":";","140":"E","141":"A","142":"C","143":"b","144":",","145":"I","146":"A","147":"A","148":"I","149":",","150":"E","151":"A","152":"A","153":"E","154":",","155":"c","156":"A","157":"A","158":"c","159":";","160":"E","161":"A","162":"C","163":"p","164":"B","165":",","166":"I","167":"A","168":"A","169":"I","170":",","171":"G","172":"A","173":"A","174":"G","175":";","176":"I","177":"A","178":"C","179":"L","180":",","181":"O","182":"A","183":"A","184":"O","185":";","186":"M","187":"A","188":"C","189":"L","190":",","191":"S","192":"A","193":"A","194":"S","195":",","196":"E","197":"A","198":"C","199":"P","200":";","201":"I","202":"A","203":"C","204":"J","205":",","206":"C","207":"A","208":"A","209":"C","210":";","211":"E","212":"A","213":"C","214":"H","215":";","216":"A","217":"A","218":"C","219":"F","220":",","221":"C","222":"A","223":"A","224":"C","225":"\"","226":",","227":"\"","228":"f","229":"i","230":"l","231":"e","232":"\"","233":":","234":"\"","235":"C","236":":","237":"\\","238":"\\","239":"U","240":"s","241":"e","242":"r","243":"s","244":"\\","245":"\\","246":"N","247":"o","248":"a","249":"h","250":"\\","251":"\\","252":"D","253":"e","254":"s","255":"k","256":"t","257":"o","258":"p","259":"\\","260":"\\","261":"V","262":"u","263":"e","264":"\\","265":"\\","266":"j","267":"o","268":"b","269":"-","270":"s","271":"e","272":"a","273":"r","274":"c","275":"h","276":"\\","277":"\\","278":"s","279":"r","280":"c","281":"\\","282":"\\","283":"c","284":"o","285":"m","286":"p","287":"o","288":"n","289":"e","290":"n","291":"t","292":"s","293":"\\","294":"\\","295":"P","296":"r","297":"o","298":"f","299":"i","300":"l","301":"e","302":"I","303":"m","304":"a","305":"g","306":"e","307":".","308":"v","309":"u","310":"e","311":"\"","312":",","313":"\"","314":"s","315":"o","316":"u","317":"r","318":"c","319":"e","320":"s","321":"C","322":"o","323":"n","324":"t","325":"e","326":"n","327":"t","328":"\"","329":":","330":"[","331":"\"","332":"<","333":"t","334":"e","335":"m","336":"p","337":"l","338":"a","339":"t","340":"e","341":">","342":"\\","343":"n","344":" ","345":" ","346":"<","347":"i","348":"m","349":"g","350":" ","351":":","352":"s","353":"r","354":"c","355":"=","356":"\\","357":"\"","358":"i","359":"m","360":"a","361":"g","362":"e","363":"L","364":"i","365":"n","366":"k","367":"\\","368":"\"","369":" ","370":"c","371":"l","372":"a","373":"s","374":"s","375":"=","376":"\\","377":"\"","378":"w","379":"-","380":"8","381":" ","382":"h","383":"-","384":"8","385":" ","386":"o","387":"b","388":"j","389":"e","390":"c","391":"t","392":"-","393":"c","394":"o","395":"n","396":"t","397":"a","398":"i","399":"n","400":" ","401":"r","402":"o","403":"u","404":"n","405":"d","406":"e","407":"d","408":"-","409":"3","410":"x","411":"l","412":"\\","413":"\"","414":" ","415":"/","416":">","417":"\\","418":"n","419":"<","420":"/","421":"t","422":"e","423":"m","424":"p","425":"l","426":"a","427":"t","428":"e","429":">","430":"\\","431":"n","432":"\\","433":"n","434":"<","435":"s","436":"c","437":"r","438":"i","439":"p","440":"t","441":">","442":"\\","443":"n","444":"e","445":"x","446":"p","447":"o","448":"r","449":"t","450":" ","451":"d","452":"e","453":"f","454":"a","455":"u","456":"l","457":"t","458":" ","459":"{","460":"\\","461":"n","462":" ","463":" ","464":"n","465":"a","466":"m","467":"e","468":":","469":" ","470":"\\","471":"\"","472":"P","473":"r","474":"o","475":"f","476":"i","477":"l","478":"e","479":"I","480":"m","481":"a","482":"g","483":"e","484":"\\","485":"\"","486":",","487":"\\","488":"n","489":" ","490":" ","491":"d","492":"a","493":"t","494":"a","495":"(","496":")","497":" ","498":"{","499":"\\","500":"n","501":" ","502":" ","503":" ","504":" ","505":"r","506":"e","507":"t","508":"u","509":"r","510":"n","511":" ","512":"{","513":"\\","514":"n","515":" ","516":" ","517":" ","518":" ","519":" ","520":" ","521":"i","522":"m","523":"a","524":"g","525":"e","526":"L","527":"i","528":"n","529":"k","530":":","531":"\\","532":"n","533":" ","534":" ","535":" ","536":" ","537":" ","538":" ","539":" ","540":" ","541":"\\","542":"\"","543":"h","544":"t","545":"t","546":"p","547":"s","548":":","549":"/","550":"/","551":"w","552":"w","553":"w","554":".","555":"p","556":"n","557":"g","558":"i","559":"t","560":"e","561":"m","562":".","563":"c","564":"o","565":"m","566":"/","567":"p","568":"i","569":"m","570":"g","571":"s","572":"/","573":"m","574":"/","575":"4","576":"8","577":"7","578":"-","579":"4","580":"8","581":"7","582":"6","583":"4","584":"1","585":"7","586":"_","587":"l","588":"i","589":"n","590":"k","591":"-","592":"h","593":"e","594":"a","595":"d","596":"-","597":"p","598":"n","599":"g","600":"-","601":"t","602":"o","603":"o","604":"n","605":"-","606":"l","607":"i","608":"n","609":"k","610":"-","611":"f","612":"a","613":"c","614":"e","615":"-","616":"p","617":"n","618":"g","619":"-","620":"t","621":"r","622":"a","623":"n","624":"s","625":"p","626":"a","627":"r","628":"e","629":"n","630":"t","631":".","632":"p","633":"n","634":"g","635":"\\","636":"\"","637":",","638":"\\","639":"n","640":" ","641":" ","642":" ","643":" ","644":"}","645":";","646":"\\","647":"n","648":" ","649":" ","650":"}","651":",","652":"\\","653":"n","654":"}","655":";","656":"\\","657":"n","658":"<","659":"/","660":"s","661":"c","662":"r","663":"i","664":"p","665":"t","666":">","667":"\\","668":"n","669":"\"","670":"]","671":"}"},"_coverageSchema":"1a1c01bbd47fc00a2c39e90264f33305004495a9","hash":"3a5c1184900e5a5ae8896f7197ad2618f1f94916"}
,"C:\\Users\\Noah\\Desktop\\Vue\\job-search\\src\\components\\Subnav.vue": {"path":"C:\\Users\\Noah\\Desktop\\Vue\\job-search\\src\\components\\Subnav.vue","statementMap":{"0":{"start":{"line":4,"column":0},"end":{"line":6,"column":3}},"1":{"start":{"line":7,"column":0},"end":{"line":7,"column":25}},"2":{"start":{"line":8,"column":15},"end":{"line":15,"column":1}},"3":{"start":{"line":11,"column":4},"end":{"line":13,"column":6}},"4":{"start":{"line":16,"column":0},"end":{"line":16,"column":13}},"5":{"start":{"line":18,"column":0},"end":{"line":20,"column":3}},"6":{"start":{"line":21,"column":0},"end":{"line":21,"column":24}},"7":{"start":{"line":22,"column":11},"end":{"line":22,"column":25}},"8":{"start":{"line":23,"column":19},"end":{"line":25,"column":1}},"9":{"start":{"line":26,"column":19},"end":{"line":28,"column":1}},"10":{"start":{"line":29,"column":19},"end":{"line":32,"column":1}},"11":{"start":{"line":33,"column":32},"end":{"line":35,"column":87}},"12":{"start":{"line":37,"column":39},"end":{"line":37,"column":86}},"13":{"start":{"line":38,"column":2},"end":{"line":41,"column":69}},"14":{"start":{"line":42,"column":2},"end":{"line":42,"column":49}}},"fnMap":{"0":{"name":"(anonymous_0)","decl":{"start":{"line":10,"column":2},"end":{"line":10,"column":3}},"loc":{"start":{"line":10,"column":9},"end":{"line":14,"column":3}},"line":10},"1":{"name":"render","decl":{"start":{"line":36,"column":9},"end":{"line":36,"column":15}},"loc":{"start":{"line":36,"column":30},"end":{"line":42,"column":1}},"line":36}},"branchMap":{"0":{"loc":{"start":{"line":38,"column":130},"end":{"line":41,"column":64}},"type":"cond-expr","locations":[{"start":{"line":38,"column":155},"end":{"line":41,"column":18}},{"start":{"line":41,"column":22},"end":{"line":41,"column":64}}],"line":38}},"s":{"0":2,"1":2,"2":2,"3":2,"4":2,"5":2,"6":2,"7":2,"8":2,"9":2,"10":2,"11":2,"12":2,"13":2,"14":2},"f":{"0":2,"1":2},"b":{"0":[1,1]},"inputSourceMap":{"0":"{","1":"\"","2":"v","3":"e","4":"r","5":"s","6":"i","7":"o","8":"n","9":"\"","10":":","11":"3","12":",","13":"\"","14":"s","15":"o","16":"u","17":"r","18":"c","19":"e","20":"s","21":"\"","22":":","23":"[","24":"\"","25":"C","26":":","27":"\\","28":"\\","29":"U","30":"s","31":"e","32":"r","33":"s","34":"\\","35":"\\","36":"N","37":"o","38":"a","39":"h","40":"\\","41":"\\","42":"D","43":"e","44":"s","45":"k","46":"t","47":"o","48":"p","49":"\\","50":"\\","51":"V","52":"u","53":"e","54":"\\","55":"\\","56":"j","57":"o","58":"b","59":"-","60":"s","61":"e","62":"a","63":"r","64":"c","65":"h","66":"\\","67":"\\","68":"s","69":"r","70":"c","71":"\\","72":"\\","73":"c","74":"o","75":"m","76":"p","77":"o","78":"n","79":"e","80":"n","81":"t","82":"s","83":"\\","84":"\\","85":"S","86":"u","87":"b","88":"n","89":"a","90":"v","91":".","92":"v","93":"u","94":"e","95":"\"","96":"]","97":",","98":"\"","99":"n","100":"a","101":"m","102":"e","103":"s","104":"\"","105":":","106":"[","107":"]","108":",","109":"\"","110":"m","111":"a","112":"p","113":"p","114":"i","115":"n","116":"g","117":"s","118":"\"","119":":","120":"\"","121":";","122":";","123":";","124":";","125":";","126":";","127":";","128":"i","129":"C","130":"A","131":"Y","132":"e","133":";","134":"E","135":"A","136":"C","137":"b","138":",","139":"I","140":"A","141":"A","142":"I","143":",","144":"E","145":"A","146":"A","147":"E","148":",","149":"Q","150":"A","151":"A","152":"Q","153":";","154":"E","155":"A","156":"C","157":"d","158":",","159":"I","160":"A","161":"A","162":"I","163":",","164":"G","165":"A","166":"A","167":"G","168":";","169":"I","170":"A","171":"C","172":"L","173":",","174":"O","175":"A","176":"A","177":"O","178":";","179":"M","180":"A","181":"C","182":"L","183":",","184":"g","185":"B","186":"A","187":"A","188":"g","189":"B","190":",","191":"E","192":"A","193":"A","194":"E","195":";","196":"I","197":"A","198":"C","199":"p","200":"B","201":",","202":"C","203":"A","204":"A","205":"C","206":";","207":"E","208":"A","209":"C","210":"H","211":";","212":"A","213":"A","214":"C","215":"F","216":",","217":"C","218":"A","219":"A","220":"C","221":"\"","222":",","223":"\"","224":"f","225":"i","226":"l","227":"e","228":"\"","229":":","230":"\"","231":"C","232":":","233":"\\","234":"\\","235":"U","236":"s","237":"e","238":"r","239":"s","240":"\\","241":"\\","242":"N","243":"o","244":"a","245":"h","246":"\\","247":"\\","248":"D","249":"e","250":"s","251":"k","252":"t","253":"o","254":"p","255":"\\","256":"\\","257":"V","258":"u","259":"e","260":"\\","261":"\\","262":"j","263":"o","264":"b","265":"-","266":"s","267":"e","268":"a","269":"r","270":"c","271":"h","272":"\\","273":"\\","274":"s","275":"r","276":"c","277":"\\","278":"\\","279":"c","280":"o","281":"m","282":"p","283":"o","284":"n","285":"e","286":"n","287":"t","288":"s","289":"\\","290":"\\","291":"S","292":"u","293":"b","294":"n","295":"a","296":"v","297":".","298":"v","299":"u","300":"e","301":"\"","302":",","303":"\"","304":"s","305":"o","306":"u","307":"r","308":"c","309":"e","310":"s","311":"C","312":"o","313":"n","314":"t","315":"e","316":"n","317":"t","318":"\"","319":":","320":"[","321":"\"","322":"<","323":"t","324":"e","325":"m","326":"p","327":"l","328":"a","329":"t","330":"e","331":">","332":"\\","333":"n","334":" ","335":" ","336":"<","337":"d","338":"i","339":"v","340":" ","341":"c","342":"l","343":"a","344":"s","345":"s","346":"=","347":"\\","348":"\"","349":"w","350":"-","351":"f","352":"u","353":"l","354":"l","355":" ","356":"h","357":"-","358":"1","359":"6","360":" ","361":"b","362":"g","363":"-","364":"w","365":"h","366":"i","367":"t","368":"e","369":" ","370":"b","371":"o","372":"r","373":"d","374":"e","375":"r","376":"-","377":"b","378":" ","379":"b","380":"o","381":"r","382":"d","383":"e","384":"r","385":"-","386":"s","387":"o","388":"l","389":"i","390":"d","391":" ","392":"b","393":"o","394":"r","395":"d","396":"e","397":"r","398":"-","399":"b","400":"r","401":"a","402":"n","403":"d","404":"-","405":"g","406":"r","407":"e","408":"y","409":"-","410":"1","411":"\\","412":"\"","413":">","414":"\\","415":"n","416":" ","417":" ","418":" ","419":" ","420":"<","421":"d","422":"i","423":"v","424":" ","425":"c","426":"l","427":"a","428":"s","429":"s","430":"=","431":"\\","432":"\"","433":"f","434":"l","435":"e","436":"x","437":" ","438":"i","439":"t","440":"e","441":"m","442":"s","443":"-","444":"c","445":"e","446":"n","447":"t","448":"e","449":"r","450":" ","451":"h","452":"-","453":"f","454":"u","455":"l","456":"l","457":" ","458":"p","459":"x","460":"-","461":"8","462":"\\","463":"\"","464":">","465":"\\","466":"n","467":" ","468":" ","469":" ","470":" ","471":" ","472":" ","473":"<","474":"d","475":"i","476":"v","477":" ","478":"v","479":"-","480":"i","481":"f","482":"=","483":"\\","484":"\"","485":"o","486":"n","487":"J","488":"o","489":"b","490":"R","491":"e","492":"s","493":"u","494":"l","495":"t","496":"s","497":"P","498":"a","499":"g","500":"e","501":"\\","502":"\"","503":" ","504":"d","505":"a","506":"t","507":"a","508":"-","509":"t","510":"e","511":"s","512":"t","513":"=","514":"\\","515":"\"","516":"j","517":"o","518":"b","519":"-","520":"c","521":"o","522":"u","523":"n","524":"t","525":"\\","526":"\"","527":">","528":"\\","529":"n","530":" ","531":" ","532":" ","533":" ","534":" ","535":" ","536":" ","537":" ","538":"<","539":"f","540":"o","541":"n","542":"t","543":"-","544":"a","545":"w","546":"e","547":"s","548":"o","549":"m","550":"e","551":"-","552":"i","553":"c","554":"o","555":"n","556":" ","557":":","558":"i","559":"c","560":"o","561":"n","562":"=","563":"\\","564":"\"","565":"[","566":"'","567":"f","568":"a","569":"s","570":"'","571":",","572":" ","573":"'","574":"s","575":"e","576":"a","577":"r","578":"c","579":"h","580":"'","581":"]","582":"\\","583":"\"","584":" ","585":"c","586":"l","587":"a","588":"s","589":"s","590":"=","591":"\\","592":"\"","593":"m","594":"r","595":"-","596":"3","597":"\\","598":"\"","599":" ","600":"/","601":">","602":"\\","603":"n","604":" ","605":" ","606":" ","607":" ","608":" ","609":" ","610":" ","611":" ","612":"<","613":"s","614":"p","615":"a","616":"n","617":">","618":"<","619":"s","620":"p","621":"a","622":"n","623":" ","624":"c","625":"l","626":"a","627":"s","628":"s","629":"=","630":"\\","631":"\"","632":"t","633":"e","634":"x","635":"t","636":"-","637":"b","638":"r","639":"a","640":"n","641":"d","642":"-","643":"g","644":"r","645":"e","646":"e","647":"n","648":"-","649":"1","650":"\\","651":"\"","652":">","653":"1","654":"6","655":"5","656":"3","657":"<","658":"/","659":"s","660":"p","661":"a","662":"n","663":">","664":" ","665":"j","666":"o","667":"b","668":"s","669":" ","670":"m","671":"a","672":"t","673":"c","674":"h","675":"e","676":"d","677":"<","678":"/","679":"s","680":"p","681":"a","682":"n","683":">","684":"\\","685":"n","686":" ","687":" ","688":" ","689":" ","690":" ","691":" ","692":"<","693":"/","694":"d","695":"i","696":"v","697":">","698":"\\","699":"n","700":" ","701":" ","702":" ","703":" ","704":"<","705":"/","706":"d","707":"i","708":"v","709":">","710":"\\","711":"n","712":" ","713":" ","714":"<","715":"/","716":"d","717":"i","718":"v","719":">","720":"\\","721":"n","722":"<","723":"/","724":"t","725":"e","726":"m","727":"p","728":"l","729":"a","730":"t","731":"e","732":">","733":"\\","734":"n","735":"\\","736":"n","737":"<","738":"s","739":"c","740":"r","741":"i","742":"p","743":"t","744":">","745":"\\","746":"n","747":"e","748":"x","749":"p","750":"o","751":"r","752":"t","753":" ","754":"d","755":"e","756":"f","757":"a","758":"u","759":"l","760":"t","761":" ","762":"{","763":"\\","764":"n","765":" ","766":" ","767":"n","768":"a","769":"m","770":"e","771":":","772":" ","773":"\\","774":"\"","775":"S","776":"u","777":"b","778":"n","779":"a","780":"v","781":"\\","782":"\"","783":",","784":"\\","785":"n","786":" ","787":" ","788":"d","789":"a","790":"t","791":"a","792":"(","793":")","794":" ","795":"{","796":"\\","797":"n","798":" ","799":" ","800":" ","801":" ","802":"r","803":"e","804":"t","805":"u","806":"r","807":"n","808":" ","809":"{","810":"\\","811":"n","812":" ","813":" ","814":" ","815":" ","816":" ","817":" ","818":"o","819":"n","820":"J","821":"o","822":"b","823":"R","824":"e","825":"s","826":"u","827":"l","828":"t","829":"s","830":"P","831":"a","832":"g","833":"e","834":":","835":" ","836":"t","837":"r","838":"u","839":"e","840":",","841":"\\","842":"n","843":" ","844":" ","845":" ","846":" ","847":"}","848":";","849":"\\","850":"n","851":" ","852":" ","853":"}","854":",","855":"\\","856":"n","857":"}","858":";","859":"\\","860":"n","861":"<","862":"/","863":"s","864":"c","865":"r","866":"i","867":"p","868":"t","869":">","870":"\\","871":"n","872":"\"","873":"]","874":"}"},"_coverageSchema":"1a1c01bbd47fc00a2c39e90264f33305004495a9","hash":"209bda106f3c1f73e0fee41af9a081a2087ac9ae"}
}
