{"C:\\Users\\ABBEY\\job-search\\src\\components\\ActionButton.vue": {"path":"C:\\Users\\ABBEY\\job-search\\src\\components\\ActionButton.vue","statementMap":{"0":{"start":{"line":4,"column":0},"end":{"line":6,"column":3}},"1":{"start":{"line":7,"column":0},"end":{"line":7,"column":25}},"2":{"start":{"line":8,"column":15},"end":{"line":10,"column":1}},"3":{"start":{"line":11,"column":0},"end":{"line":11,"column":13}},"4":{"start":{"line":13,"column":0},"end":{"line":15,"column":3}},"5":{"start":{"line":16,"column":0},"end":{"line":16,"column":24}},"6":{"start":{"line":17,"column":11},"end":{"line":17,"column":25}},"7":{"start":{"line":18,"column":19},"end":{"line":20,"column":1}},"8":{"start":{"line":22,"column":2},"end":{"line":22,"column":96}},"9":{"start":{"line":23,"column":2},"end":{"line":23,"column":49}}},"fnMap":{"0":{"name":"render","decl":{"start":{"line":21,"column":9},"end":{"line":21,"column":15}},"loc":{"start":{"line":21,"column":30},"end":{"line":23,"column":1}},"line":21}},"branchMap":{},"s":{"0":1,"1":1,"2":1,"3":1,"4":1,"5":1,"6":1,"7":1,"8":4,"9":1},"f":{"0":4},"b":{},"inputSourceMap":{"0":"{","1":"\"","2":"v","3":"e","4":"r","5":"s","6":"i","7":"o","8":"n","9":"\"","10":":","11":"3","12":",","13":"\"","14":"s","15":"o","16":"u","17":"r","18":"c","19":"e","20":"s","21":"\"","22":":","23":"[","24":"\"","25":"C","26":":","27":"\\","28":"\\","29":"U","30":"s","31":"e","32":"r","33":"s","34":"\\","35":"\\","36":"A","37":"B","38":"B","39":"E","40":"Y","41":"\\","42":"\\","43":"j","44":"o","45":"b","46":"-","47":"s","48":"e","49":"a","50":"r","51":"c","52":"h","53":"\\","54":"\\","55":"s","56":"r","57":"c","58":"\\","59":"\\","60":"c","61":"o","62":"m","63":"p","64":"o","65":"n","66":"e","67":"n","68":"t","69":"s","70":"\\","71":"\\","72":"A","73":"c","74":"t","75":"i","76":"o","77":"n","78":"B","79":"u","80":"t","81":"t","82":"o","83":"n","84":".","85":"v","86":"u","87":"e","88":"\"","89":"]","90":",","91":"\"","92":"n","93":"a","94":"m","95":"e","96":"s","97":"\"","98":":","99":"[","100":"]","101":",","102":"\"","103":"m","104":"a","105":"p","106":"p","107":"i","108":"n","109":"g","110":"s","111":"\"","112":":","113":"\"","114":";","115":";","116":";","117":";","118":";","119":";","120":";","121":"i","122":"C","123":"A","124":"S","125":"e","126":";","127":"E","128":"A","129":"C","130":"b","131":",","132":"I","133":"A","134":"A","135":"I","136":",","137":"E","138":"A","139":"A","140":"E","141":";","142":"A","143":"A","144":"C","145":"R","146":",","147":"C","148":"A","149":"A","150":"C","151":"\"","152":",","153":"\"","154":"f","155":"i","156":"l","157":"e","158":"\"","159":":","160":"\"","161":"C","162":":","163":"\\","164":"\\","165":"U","166":"s","167":"e","168":"r","169":"s","170":"\\","171":"\\","172":"A","173":"B","174":"B","175":"E","176":"Y","177":"\\","178":"\\","179":"j","180":"o","181":"b","182":"-","183":"s","184":"e","185":"a","186":"r","187":"c","188":"h","189":"\\","190":"\\","191":"s","192":"r","193":"c","194":"\\","195":"\\","196":"c","197":"o","198":"m","199":"p","200":"o","201":"n","202":"e","203":"n","204":"t","205":"s","206":"\\","207":"\\","208":"A","209":"c","210":"t","211":"i","212":"o","213":"n","214":"B","215":"u","216":"t","217":"t","218":"o","219":"n","220":".","221":"v","222":"u","223":"e","224":"\"","225":",","226":"\"","227":"s","228":"o","229":"u","230":"r","231":"c","232":"e","233":"s","234":"C","235":"o","236":"n","237":"t","238":"e","239":"n","240":"t","241":"\"","242":":","243":"[","244":"\"","245":"<","246":"t","247":"e","248":"m","249":"p","250":"l","251":"a","252":"t","253":"e","254":">","255":"\\","256":"n","257":" ","258":" ","259":"<","260":"b","261":"u","262":"t","263":"t","264":"o","265":"n","266":"\\","267":"n","268":" ","269":" ","270":" ","271":" ","272":"c","273":"l","274":"a","275":"s","276":"s","277":"=","278":"\\","279":"\"","280":"p","281":"x","282":"-","283":"5","284":" ","285":"p","286":"y","287":"-","288":"3","289":" ","290":"f","291":"o","292":"n","293":"t","294":"-","295":"m","296":"e","297":"d","298":"i","299":"u","300":"m","301":" ","302":"t","303":"e","304":"x","305":"t","306":"-","307":"w","308":"h","309":"i","310":"t","311":"e","312":" ","313":"b","314":"o","315":"r","316":"d","317":"e","318":"r","319":"-","320":"0","321":" ","322":"r","323":"o","324":"u","325":"n","326":"d","327":"e","328":"d","329":" ","330":"b","331":"g","332":"-","333":"b","334":"r","335":"a","336":"n","337":"d","338":"-","339":"b","340":"l","341":"u","342":"e","343":"-","344":"1","345":" ","346":"h","347":"o","348":"v","349":"e","350":"r","351":":","352":"s","353":"h","354":"a","355":"d","356":"o","357":"w","358":"-","359":"b","360":"l","361":"u","362":"e","363":"\\","364":"\"","365":"\\","366":"n","367":" ","368":" ","369":">","370":"\\","371":"n","372":" ","373":" ","374":" ","375":" ","376":"S","377":"i","378":"g","379":"n","380":" ","381":"i","382":"n","383":"\\","384":"n","385":" ","386":" ","387":"<","388":"/","389":"b","390":"u","391":"t","392":"t","393":"o","394":"n","395":">","396":"\\","397":"n","398":"<","399":"/","400":"t","401":"e","402":"m","403":"p","404":"l","405":"a","406":"t","407":"e","408":">","409":"\\","410":"n","411":"\\","412":"n","413":"<","414":"s","415":"c","416":"r","417":"i","418":"p","419":"t","420":">","421":"\\","422":"n","423":"e","424":"x","425":"p","426":"o","427":"r","428":"t","429":" ","430":"d","431":"e","432":"f","433":"a","434":"u","435":"l","436":"t","437":" ","438":"{","439":"\\","440":"n","441":" ","442":" ","443":"n","444":"a","445":"m","446":"e","447":":","448":" ","449":"\\","450":"\"","451":"A","452":"c","453":"t","454":"i","455":"o","456":"n","457":"B","458":"u","459":"t","460":"t","461":"o","462":"n","463":"\\","464":"\"","465":",","466":"\\","467":"n","468":"}","469":";","470":"\\","471":"n","472":"<","473":"/","474":"s","475":"c","476":"r","477":"i","478":"p","479":"t","480":">","481":"\\","482":"n","483":"\"","484":"]","485":"}"},"_coverageSchema":"1a1c01bbd47fc00a2c39e90264f33305004495a9","hash":"de09aae8412501a660c562b10f45a8c46fa8b05f"}
,"C:\\Users\\ABBEY\\job-search\\src\\components\\MainNav.vue": {"path":"C:\\Users\\ABBEY\\job-search\\src\\components\\MainNav.vue","statementMap":{"0":{"start":{"line":4,"column":29},"end":{"line":4,"column":134}},"1":{"start":{"line":5,"column":0},"end":{"line":7,"column":3}},"2":{"start":{"line":8,"column":0},"end":{"line":8,"column":25}},"3":{"start":{"line":44,"column":0},"end":{"line":44,"column":13}},"4":{"start":{"line":46,"column":0},"end":{"line":48,"column":3}},"5":{"start":{"line":49,"column":0},"end":{"line":49,"column":24}},"6":{"start":{"line":50,"column":11},"end":{"line":50,"column":25}},"7":{"start":{"line":51,"column":19},"end":{"line":53,"column":1}},"8":{"start":{"line":54,"column":19},"end":{"line":56,"column":1}},"9":{"start":{"line":57,"column":19},"end":{"line":59,"column":1}},"10":{"start":{"line":60,"column":19},"end":{"line":60,"column":27}},"11":{"start":{"line":61,"column":19},"end":{"line":63,"column":1}},"12":{"start":{"line":64,"column":19},"end":{"line":66,"column":1}},"13":{"start":{"line":67,"column":19},"end":{"line":70,"column":1}},"14":{"start":{"line":71,"column":19},"end":{"line":73,"column":1}},"15":{"start":{"line":75,"column":35},"end":{"line":75,"column":78}},"16":{"start":{"line":76,"column":35},"end":{"line":76,"column":78}},"17":{"start":{"line":77,"column":2},"end":{"line":93,"column":48}},"18":{"start":{"line":81,"column":4},"end":{"line":85,"column":107}},"19":{"start":{"line":94,"column":2},"end":{"line":94,"column":49}}},"fnMap":{"0":{"name":"render","decl":{"start":{"line":74,"column":9},"end":{"line":74,"column":15}},"loc":{"start":{"line":74,"column":30},"end":{"line":94,"column":1}},"line":74},"1":{"name":"(anonymous_1)","decl":{"start":{"line":80,"column":292},"end":{"line":80,"column":293}},"loc":{"start":{"line":80,"column":304},"end":{"line":86,"column":3}},"line":80}},"branchMap":{"0":{"loc":{"start":{"line":86,"column":87},"end":{"line":93,"column":39}},"type":"cond-expr","locations":[{"start":{"line":86,"column":106},"end":{"line":89,"column":4}},{"start":{"line":89,"column":9},"end":{"line":93,"column":38}}],"line":86}},"s":{"0":1,"1":1,"2":1,"3":1,"4":1,"5":1,"6":1,"7":1,"8":1,"9":1,"10":1,"11":1,"12":1,"13":1,"14":1,"15":5,"16":5,"17":5,"18":30,"19":1},"f":{"0":5,"1":30},"b":{"0":[1,4]},"inputSourceMap":{"0":"{","1":"\"","2":"v","3":"e","4":"r","5":"s","6":"i","7":"o","8":"n","9":"\"","10":":","11":"3","12":",","13":"\"","14":"s","15":"o","16":"u","17":"r","18":"c","19":"e","20":"s","21":"\"","22":":","23":"[","24":"\"","25":"C","26":":","27":"\\","28":"\\","29":"U","30":"s","31":"e","32":"r","33":"s","34":"\\","35":"\\","36":"A","37":"B","38":"B","39":"E","40":"Y","41":"\\","42":"\\","43":"j","44":"o","45":"b","46":"-","47":"s","48":"e","49":"a","50":"r","51":"c","52":"h","53":"\\","54":"\\","55":"s","56":"r","57":"c","58":"\\","59":"\\","60":"c","61":"o","62":"m","63":"p","64":"o","65":"n","66":"e","67":"n","68":"t","69":"s","70":"\\","71":"\\","72":"M","73":"a","74":"i","75":"n","76":"N","77":"a","78":"v","79":".","80":"v","81":"u","82":"e","83":"\"","84":"]","85":",","86":"\"","87":"n","88":"a","89":"m","90":"e","91":"s","92":"\"","93":":","94":"[","95":"]","96":",","97":"\"","98":"m","99":"a","100":"p","101":"p","102":"i","103":"n","104":"g","105":"s","106":"\"","107":":","108":"\"","109":";","110":";","111":";","112":";","113":";","114":";","115":";","116":";","117":"A","118":"A","119":"m","120":"C","121":"A","122":";","123":"A","124":"A","125":"A","126":"A","127":";","128":"A","129":"A","130":"A","131":"A","132":";","133":"A","134":"A","135":"C","136":"A","137":";","138":"A","139":"A","140":"A","141":"A","142":";","143":"A","144":"A","145":"A","146":"A","147":";","148":"A","149":"A","150":"A","151":"y","152":"D","153":";","154":"A","155":"A","156":"A","157":"A","158":",","159":"i","160":"C","161":"A","162":"E","163":"1","164":"C","165":";","166":"E","167":"A","168":"C","169":"b","170":",","171":"I","172":"A","173":"A","174":"I","175":",","176":"E","177":"A","178":"A","179":"E","180":",","181":"S","182":"A","183":"A","184":"S","185":";","186":"E","187":"A","188":"C","189":"f","190":",","191":"U","192":"A","193":"A","194":"U","195":",","196":"E","197":"A","198":"A","199":"E","200":";","201":"I","202":"A","203":"C","204":"V","205":",","206":"Y","207":"A","208":"A","209":"Y","210":";","211":"I","212":"A","213":"A","214":"Z","215":";","216":"I","217":"A","218":"A","219":"A","220":";","221":"I","222":"A","223":"A","224":"A","225":";","226":"I","227":"A","228":"A","229":"A","230":",","231":"O","232":"A","233":"A","234":"Y","235":";","236":"I","237":"A","238":"C","239":"Z","240":",","241":"Y","242":"A","243":"A","244":"Y","245":";","246":"I","247":"A","248":"A","249":"Z","250":";","251":"I","252":"A","253":"A","254":"A","255":";","256":"I","257":"A","258":"A","259":"A","260":";","261":"I","262":"A","263":"A","264":"A","265":";","266":"E","267":"A","268":"C","269":"F","270":",","271":"C","272":"A","273":"A","274":"C","275":";","276":"E","277":"A","278":"C","279":"D","280":",","281":"I","282":"A","283":"A","284":"I","285":",","286":"G","287":"A","288":"A","289":"G","290":";","291":"I","292":"A","293":"C","294":"L","295":",","296":"O","297":"A","298":"A","299":"O","300":";","301":"M","302":"A","303":"C","304":"L","305":",","306":"O","307":"A","308":"A","309":"O","310":",","311":"E","312":"A","313":"A","314":"E","315":",","316":"c","317":"A","318":"A","319":"c","320":";","321":"M","322":"A","323":"C","324":"v","325":"B","326":",","327":"G","328":"A","329":"A","330":"G","331":",","332":"E","333":"A","334":"A","335":"E","336":",","337":"4","338":"B","339":"A","340":"A","341":"4","342":"B","343":";","344":"M","345":"A","346":"C","347":"j","348":"C","349":",","350":"S","351":"A","352":"A","353":"S","354":",","355":"E","356":"A","357":"A","358":"E","359":",","360":"C","361":"A","362":"C","363":"T","364":",","365":"O","366":"A","367":"A","368":"O","369":",","370":"E","371":"A","372":"C","373":"P","374":",","375":"W","376":"A","377":"A","378":"W","379":",","380":"E","381":"A","382":"C","383":"X","384":",","385":"c","386":"A","387":"A","388":"c","389":",","390":"E","391":"A","392":"C","393":"d","394":",","395":"a","396":"A","397":"A","398":"a","399":",","400":"E","401":"A","402":"C","403":"b","404":",","405":"U","406":"A","407":"A","408":"U","409":",","410":"E","411":"A","412":"C","413":"V","414":",","415":"M","416":"A","417":"A","418":"M","419":",","420":"C","421":"A","422":"C","423":"P","424":";","425":"M","426":"A","427":"C","428":"D","429":",","430":"U","431":"A","432":"A","433":"U","434":",","435":"E","436":"A","437":"A","438":"E","439":";","440":"I","441":"A","442":"C","443":"d","444":",","445":"C","446":"A","447":"A","448":"C","449":";","450":"E","451":"A","452":"C","453":"H","454":",","455":"C","456":"A","457":"A","458":"C","459":";","460":"E","461":"A","462":"C","463":"D","464":",","465":"O","466":"A","467":"A","468":"O","469":",","470":"E","471":"A","472":"A","473":"E","474":";","475":"I","476":"A","477":"C","478":"P","479":",","480":"S","481":"A","482":"A","483":"S","484":",","485":"G","486":"A","487":"A","488":"G","489":";","490":"M","491":"A","492":"C","493":"V","494":",","495":"I","496":"A","497":"A","498":"I","499":",","500":"C","501":"A","502":"A","503":"C","504":",","505":"U","506":"A","507":"A","508":"U","509":",","510":"G","511":"A","512":"A","513":"G","514":",","515":"I","516":"A","517":"A","518":"I","519":";","520":"I","521":"A","522":"C","523":"x","524":"B","525":";","526":"E","527":"A","528":"C","529":"F","530":";","531":"A","532":"A","533":"C","534":"F","535":",","536":"C","537":"A","538":"A","539":"C","540":"\"","541":",","542":"\"","543":"f","544":"i","545":"l","546":"e","547":"\"","548":":","549":"\"","550":"C","551":":","552":"\\","553":"\\","554":"U","555":"s","556":"e","557":"r","558":"s","559":"\\","560":"\\","561":"A","562":"B","563":"B","564":"E","565":"Y","566":"\\","567":"\\","568":"j","569":"o","570":"b","571":"-","572":"s","573":"e","574":"a","575":"r","576":"c","577":"h","578":"\\","579":"\\","580":"s","581":"r","582":"c","583":"\\","584":"\\","585":"c","586":"o","587":"m","588":"p","589":"o","590":"n","591":"e","592":"n","593":"t","594":"s","595":"\\","596":"\\","597":"M","598":"a","599":"i","600":"n","601":"N","602":"a","603":"v","604":".","605":"v","606":"u","607":"e","608":"\"","609":",","610":"\"","611":"s","612":"o","613":"u","614":"r","615":"c","616":"e","617":"s","618":"C","619":"o","620":"n","621":"t","622":"e","623":"n","624":"t","625":"\"","626":":","627":"[","628":"\"","629":"<","630":"t","631":"e","632":"m","633":"p","634":"l","635":"a","636":"t","637":"e","638":">","639":"\\","640":"n","641":" ","642":" ","643":"<","644":"h","645":"e","646":"a","647":"d","648":"e","649":"r","650":" ","651":"c","652":"l","653":"a","654":"s","655":"s","656":"=","657":"\\","658":"\"","659":"w","660":"-","661":"f","662":"u","663":"l","664":"l","665":" ","666":"t","667":"e","668":"x","669":"t","670":"-","671":"s","672":"m","673":"\\","674":"\"","675":">","676":"\\","677":"n","678":" ","679":" ","680":" ","681":" ","682":"<","683":"d","684":"i","685":"v","686":" ","687":"c","688":"l","689":"a","690":"s","691":"s","692":"=","693":"\\","694":"\"","695":"f","696":"i","697":"x","698":"e","699":"d","700":" ","701":"t","702":"o","703":"p","704":"-","705":"0","706":" ","707":"l","708":"e","709":"f","710":"t","711":"-","712":"0","713":" ","714":"w","715":"-","716":"f","717":"u","718":"l","719":"l","720":" ","721":"h","722":"-","723":"1","724":"6","725":" ","726":"b","727":"g","728":"-","729":"w","730":"h","731":"i","732":"t","733":"e","734":"\\","735":"\"","736":">","737":"\\","738":"n","739":" ","740":" ","741":" ","742":" ","743":" ","744":" ","745":"<","746":"d","747":"i","748":"v","749":"\\","750":"n","751":" ","752":" ","753":" ","754":" ","755":" ","756":" ","757":" ","758":" ","759":"c","760":"l","761":"a","762":"s","763":"s","764":"=","765":"\\","766":"\"","767":"f","768":"l","769":"e","770":"x","771":" ","772":"f","773":"l","774":"e","775":"x","776":"-","777":"n","778":"o","779":"w","780":"r","781":"a","782":"p","783":" ","784":"h","785":"-","786":"f","787":"u","788":"l","789":"l","790":" ","791":"p","792":"x","793":"-","794":"8","795":" ","796":"m","797":"x","798":"-","799":"a","800":"u","801":"t","802":"o","803":" ","804":"b","805":"o","806":"r","807":"d","808":"e","809":"r","810":"-","811":"b","812":" ","813":"b","814":"o","815":"r","816":"d","817":"e","818":"r","819":"-","820":"s","821":"o","822":"l","823":"i","824":"d","825":" ","826":"b","827":"o","828":"r","829":"d","830":"e","831":"r","832":"-","833":"b","834":"r","835":"a","836":"n","837":"d","838":"-","839":"g","840":"r","841":"a","842":"y","843":"-","844":"1","845":"\\","846":"\"","847":"\\","848":"n","849":" ","850":" ","851":" ","852":" ","853":" ","854":" ","855":">","856":"\\","857":"n","858":" ","859":" ","860":" ","861":" ","862":" ","863":" ","864":" ","865":" ","866":"<","867":"a","868":" ","869":":","870":"h","871":"r","872":"e","873":"f","874":"=","875":"\\","876":"\"","877":"u","878":"r","879":"l","880":"\\","881":"\"","882":" ","883":"c","884":"l","885":"a","886":"s","887":"s","888":"=","889":"\\","890":"\"","891":"f","892":"l","893":"e","894":"x","895":" ","896":"i","897":"t","898":"e","899":"m","900":"s","901":"-","902":"c","903":"e","904":"n","905":"t","906":"e","907":"r","908":" ","909":"h","910":"-","911":"f","912":"u","913":"l","914":"l","915":" ","916":"t","917":"e","918":"x","919":"t","920":"-","921":"x","922":"l","923":"\\","924":"\"","925":">","926":"{","927":"{","928":"\\","929":"n","930":" ","931":" ","932":" ","933":" ","934":" ","935":" ","936":" ","937":" ","938":" ","939":" ","940":"c","941":"o","942":"m","943":"p","944":"a","945":"n","946":"y","947":"\\","948":"n","949":" ","950":" ","951":" ","952":" ","953":" ","954":" ","955":" ","956":" ","957":"}","958":"}","959":"<","960":"/","961":"a","962":">","963":"\\","964":"n","965":"\\","966":"n","967":" ","968":" ","969":" ","970":" ","971":" ","972":" ","973":" ","974":" ","975":"<","976":"n","977":"a","978":"v","979":" ","980":"c","981":"l","982":"a","983":"s","984":"s","985":"=","986":"\\","987":"\"","988":"h","989":"-","990":"f","991":"u","992":"l","993":"l","994":" ","995":"m","996":"l","997":"-","998":"1","999":"2","1000":"\\","1001":"\"","1002":">","1003":"\\","1004":"n","1005":" ","1006":" ","1007":" ","1008":" ","1009":" ","1010":" ","1011":" ","1012":" ","1013":" ","1014":" ","1015":"<","1016":"u","1017":"l","1018":" ","1019":"c","1020":"l","1021":"a","1022":"s","1023":"s","1024":"=","1025":"\\","1026":"\"","1027":"f","1028":"l","1029":"e","1030":"x","1031":" ","1032":"h","1033":"-","1034":"f","1035":"u","1036":"l","1037":"l","1038":" ","1039":"p","1040":"-","1041":"0","1042":" ","1043":"m","1044":"-","1045":"0","1046":" ","1047":"l","1048":"i","1049":"s","1050":"t","1051":"-","1052":"n","1053":"o","1054":"n","1055":"e","1056":"\\","1057":"\"","1058":">","1059":"\\","1060":"n","1061":" ","1062":" ","1063":" ","1064":" ","1065":" ","1066":" ","1067":" ","1068":" ","1069":" ","1070":" ","1071":" ","1072":" ","1073":"<","1074":"l","1075":"i","1076":"\\","1077":"n","1078":" ","1079":" ","1080":" ","1081":" ","1082":" ","1083":" ","1084":" ","1085":" ","1086":" ","1087":" ","1088":" ","1089":" ","1090":" ","1091":" ","1092":"v","1093":"-","1094":"f","1095":"o","1096":"r","1097":"=","1098":"\\","1099":"\"","1100":"m","1101":"e","1102":"n","1103":"u","1104":"I","1105":"t","1106":"e","1107":"m","1108":" ","1109":"i","1110":"n","1111":" ","1112":"m","1113":"e","1114":"n","1115":"u","1116":"I","1117":"t","1118":"e","1119":"m","1120":"s","1121":"\\","1122":"\"","1123":"\\","1124":"n","1125":" ","1126":" ","1127":" ","1128":" ","1129":" ","1130":" ","1131":" ","1132":" ","1133":" ","1134":" ","1135":" ","1136":" ","1137":" ","1138":" ","1139":":","1140":"k","1141":"e","1142":"y","1143":"=","1144":"\\","1145":"\"","1146":"m","1147":"e","1148":"n","1149":"u","1150":"I","1151":"t","1152":"e","1153":"m","1154":"\\","1155":"\"","1156":"\\","1157":"n","1158":" ","1159":" ","1160":" ","1161":" ","1162":" ","1163":" ","1164":" ","1165":" ","1166":" ","1167":" ","1168":" ","1169":" ","1170":" ","1171":" ","1172":"c","1173":"l","1174":"a","1175":"s","1176":"s","1177":"=","1178":"\\","1179":"\"","1180":"h","1181":"-","1182":"f","1183":"u","1184":"l","1185":"l","1186":" ","1187":"m","1188":"l","1189":"-","1190":"9","1191":" ","1192":"f","1193":"i","1194":"r","1195":"s","1196":"t","1197":":","1198":"m","1199":"l","1200":"-","1201":"0","1202":"\\","1203":"\"","1204":"\\","1205":"n","1206":" ","1207":" ","1208":" ","1209":" ","1210":" ","1211":" ","1212":" ","1213":" ","1214":" ","1215":" ","1216":" ","1217":" ","1218":" ","1219":" ","1220":"d","1221":"a","1222":"t","1223":"a","1224":"-","1225":"t","1226":"e","1227":"s","1228":"t","1229":"=","1230":"\\","1231":"\"","1232":"m","1233":"a","1234":"i","1235":"n","1236":"-","1237":"n","1238":"a","1239":"v","1240":"-","1241":"l","1242":"i","1243":"s","1244":"t","1245":"-","1246":"i","1247":"t","1248":"e","1249":"m","1250":"\\","1251":"\"","1252":"\\","1253":"n","1254":" ","1255":" ","1256":" ","1257":" ","1258":" ","1259":" ","1260":" ","1261":" ","1262":" ","1263":" ","1264":" ","1265":" ","1266":">","1267":"\\","1268":"n","1269":" ","1270":" ","1271":" ","1272":" ","1273":" ","1274":" ","1275":" ","1276":" ","1277":" ","1278":" ","1279":" ","1280":" ","1281":" ","1282":" ","1283":"<","1284":"a","1285":" ","1286":"h","1287":"r","1288":"e","1289":"f","1290":"=","1291":"\\","1292":"\"","1293":"\\","1294":"\"","1295":" ","1296":"c","1297":"l","1298":"a","1299":"s","1300":"s","1301":"=","1302":"\\","1303":"\"","1304":"f","1305":"l","1306":"e","1307":"x","1308":" ","1309":"i","1310":"t","1311":"e","1312":"m","1313":"s","1314":"-","1315":"c","1316":"e","1317":"n","1318":"t","1319":"e","1320":"r","1321":" ","1322":"h","1323":"-","1324":"f","1325":"u","1326":"l","1327":"l","1328":" ","1329":"p","1330":"y","1331":"-","1332":"2","1333":".","1334":"5","1335":"\\","1336":"\"","1337":">","1338":"{","1339":"{","1340":"\\","1341":"n","1342":" ","1343":" ","1344":" ","1345":" ","1346":" ","1347":" ","1348":" ","1349":" ","1350":" ","1351":" ","1352":" ","1353":" ","1354":" ","1355":" ","1356":" ","1357":" ","1358":"m","1359":"e","1360":"n","1361":"u","1362":"I","1363":"t","1364":"e","1365":"m","1366":"\\","1367":"n","1368":" ","1369":" ","1370":" ","1371":" ","1372":" ","1373":" ","1374":" ","1375":" ","1376":" ","1377":" ","1378":" ","1379":" ","1380":" ","1381":" ","1382":"}","1383":"}","1384":"<","1385":"/","1386":"a","1387":">","1388":"\\","1389":"n","1390":" ","1391":" ","1392":" ","1393":" ","1394":" ","1395":" ","1396":" ","1397":" ","1398":" ","1399":" ","1400":" ","1401":" ","1402":"<","1403":"/","1404":"l","1405":"i","1406":">","1407":"\\","1408":"n","1409":" ","1410":" ","1411":" ","1412":" ","1413":" ","1414":" ","1415":" ","1416":" ","1417":" ","1418":" ","1419":"<","1420":"/","1421":"u","1422":"l","1423":">","1424":"\\","1425":"n","1426":" ","1427":" ","1428":" ","1429":" ","1430":" ","1431":" ","1432":" ","1433":" ","1434":"<","1435":"/","1436":"n","1437":"a","1438":"v","1439":">","1440":"\\","1441":"n","1442":"\\","1443":"n","1444":" ","1445":" ","1446":" ","1447":" ","1448":" ","1449":" ","1450":" ","1451":" ","1452":"<","1453":"d","1454":"i","1455":"v","1456":" ","1457":"c","1458":"l","1459":"a","1460":"s","1461":"s","1462":"=","1463":"\\","1464":"\"","1465":"f","1466":"l","1467":"e","1468":"x","1469":" ","1470":"i","1471":"t","1472":"e","1473":"m","1474":"s","1475":"-","1476":"c","1477":"e","1478":"n","1479":"t","1480":"e","1481":"r","1482":" ","1483":"h","1484":"-","1485":"f","1486":"u","1487":"l","1488":"l","1489":" ","1490":"m","1491":"l","1492":"-","1493":"a","1494":"u","1495":"t","1496":"o","1497":"\\","1498":"\"","1499":">","1500":"\\","1501":"n","1502":" ","1503":" ","1504":" ","1505":" ","1506":" ","1507":" ","1508":" ","1509":" ","1510":" ","1511":" ","1512":"<","1513":"p","1514":"r","1515":"o","1516":"f","1517":"i","1518":"l","1519":"e","1520":"-","1521":"i","1522":"m","1523":"a","1524":"g","1525":"e","1526":" ","1527":"v","1528":"-","1529":"i","1530":"f","1531":"=","1532":"\\","1533":"\"","1534":"i","1535":"s","1536":"L","1537":"o","1538":"g","1539":"g","1540":"e","1541":"d","1542":"I","1543":"n","1544":"\\","1545":"\"","1546":" ","1547":"d","1548":"a","1549":"t","1550":"a","1551":"-","1552":"t","1553":"e","1554":"s","1555":"t","1556":"=","1557":"\\","1558":"\"","1559":"p","1560":"r","1561":"o","1562":"f","1563":"i","1564":"l","1565":"e","1566":"-","1567":"i","1568":"m","1569":"a","1570":"g","1571":"e","1572":"\\","1573":"\"","1574":" ","1575":"/","1576":">","1577":"\\","1578":"n","1579":" ","1580":" ","1581":" ","1582":" ","1583":" ","1584":" ","1585":" ","1586":" ","1587":" ","1588":" ","1589":"<","1590":"a","1591":"c","1592":"t","1593":"i","1594":"o","1595":"n","1596":"-","1597":"b","1598":"u","1599":"t","1600":"t","1601":"o","1602":"n","1603":" ","1604":"v","1605":"-","1606":"e","1607":"l","1608":"s","1609":"e","1610":" ","1611":"d","1612":"a","1613":"t","1614":"a","1615":"-","1616":"t","1617":"e","1618":"s","1619":"t","1620":"=","1621":"\\","1622":"\"","1623":"l","1624":"o","1625":"g","1626":"i","1627":"n","1628":"-","1629":"b","1630":"u","1631":"t","1632":"t","1633":"o","1634":"n","1635":"\\","1636":"\"","1637":" ","1638":"@","1639":"c","1640":"l","1641":"i","1642":"c","1643":"k","1644":"=","1645":"\\","1646":"\"","1647":"l","1648":"o","1649":"g","1650":"i","1651":"n","1652":"U","1653":"s","1654":"e","1655":"r","1656":"\\","1657":"\"","1658":" ","1659":"/","1660":">","1661":"\\","1662":"n","1663":" ","1664":" ","1665":" ","1666":" ","1667":" ","1668":" ","1669":" ","1670":" ","1671":"<","1672":"/","1673":"d","1674":"i","1675":"v","1676":">","1677":"\\","1678":"n","1679":" ","1680":" ","1681":" ","1682":" ","1683":" ","1684":" ","1685":"<","1686":"/","1687":"d","1688":"i","1689":"v","1690":">","1691":"\\","1692":"n","1693":" ","1694":" ","1695":" ","1696":" ","1697":"<","1698":"/","1699":"d","1700":"i","1701":"v","1702":">","1703":"\\","1704":"n","1705":" ","1706":" ","1707":"<","1708":"/","1709":"h","1710":"e","1711":"a","1712":"d","1713":"e","1714":"r","1715":">","1716":"\\","1717":"n","1718":"<","1719":"/","1720":"t","1721":"e","1722":"m","1723":"p","1724":"l","1725":"a","1726":"t","1727":"e","1728":">","1729":"\\","1730":"n","1731":"\\","1732":"n","1733":"<","1734":"s","1735":"c","1736":"r","1737":"i","1738":"p","1739":"t","1740":">","1741":"\\","1742":"n","1743":"i","1744":"m","1745":"p","1746":"o","1747":"r","1748":"t","1749":" ","1750":"A","1751":"c","1752":"t","1753":"i","1754":"o","1755":"n","1756":"B","1757":"u","1758":"t","1759":"t","1760":"o","1761":"n","1762":" ","1763":"f","1764":"r","1765":"o","1766":"m","1767":" ","1768":"\\","1769":"\"","1770":"@","1771":"/","1772":"c","1773":"o","1774":"m","1775":"p","1776":"o","1777":"n","1778":"e","1779":"n","1780":"t","1781":"s","1782":"/","1783":"A","1784":"c","1785":"t","1786":"i","1787":"o","1788":"n","1789":"B","1790":"u","1791":"t","1792":"t","1793":"o","1794":"n","1795":".","1796":"v","1797":"u","1798":"e","1799":"\\","1800":"\"","1801":";","1802":"\\","1803":"n","1804":"i","1805":"m","1806":"p","1807":"o","1808":"r","1809":"t","1810":" ","1811":"P","1812":"r","1813":"o","1814":"f","1815":"i","1816":"l","1817":"e","1818":"I","1819":"m","1820":"a","1821":"g","1822":"e","1823":" ","1824":"f","1825":"r","1826":"o","1827":"m","1828":" ","1829":"\\","1830":"\"","1831":"@","1832":"/","1833":"c","1834":"o","1835":"m","1836":"p","1837":"o","1838":"n","1839":"e","1840":"n","1841":"t","1842":"s","1843":"/","1844":"P","1845":"r","1846":"o","1847":"f","1848":"i","1849":"l","1850":"e","1851":"I","1852":"m","1853":"a","1854":"g","1855":"e","1856":".","1857":"v","1858":"u","1859":"e","1860":"\\","1861":"\"","1862":";","1863":"\\","1864":"n","1865":"\\","1866":"n","1867":"e","1868":"x","1869":"p","1870":"o","1871":"r","1872":"t","1873":" ","1874":"d","1875":"e","1876":"f","1877":"a","1878":"u","1879":"l","1880":"t","1881":" ","1882":"{","1883":"\\","1884":"n","1885":" ","1886":" ","1887":"n","1888":"a","1889":"m","1890":"e","1891":":","1892":" ","1893":"\\","1894":"\"","1895":"M","1896":"a","1897":"i","1898":"n","1899":"N","1900":"a","1901":"v","1902":"\\","1903":"\"","1904":",","1905":"\\","1906":"n","1907":" ","1908":" ","1909":"c","1910":"o","1911":"m","1912":"p","1913":"o","1914":"n","1915":"e","1916":"n","1917":"t","1918":"s","1919":":","1920":" ","1921":"{","1922":"\\","1923":"n","1924":" ","1925":" ","1926":" ","1927":" ","1928":"A","1929":"c","1930":"t","1931":"i","1932":"o","1933":"n","1934":"B","1935":"u","1936":"t","1937":"t","1938":"o","1939":"n","1940":",","1941":"\\","1942":"n","1943":" ","1944":" ","1945":" ","1946":" ","1947":"P","1948":"r","1949":"o","1950":"f","1951":"i","1952":"l","1953":"e","1954":"I","1955":"m","1956":"a","1957":"g","1958":"e","1959":",","1960":"\\","1961":"n","1962":" ","1963":" ","1964":"}","1965":",","1966":"\\","1967":"n","1968":" ","1969":" ","1970":"d","1971":"a","1972":"t","1973":"a","1974":"(","1975":")","1976":" ","1977":"{","1978":"\\","1979":"n","1980":" ","1981":" ","1982":" ","1983":" ","1984":"r","1985":"e","1986":"t","1987":"u","1988":"r","1989":"n","1990":" ","1991":"{","1992":"\\","1993":"n","1994":" ","1995":" ","1996":" ","1997":" ","1998":" ","1999":" ","2000":"c","2001":"o","2002":"m","2003":"p","2004":"a","2005":"n","2006":"y","2007":":","2008":" ","2009":"\\","2010":"\"","2011":"B","2012":"o","2013":"b","2014":"o","2015":" ","2016":"C","2017":"a","2018":"r","2019":"e","2020":"e","2021":"r","2022":"s","2023":"\\","2024":"\"","2025":",","2026":"\\","2027":"n","2028":" ","2029":" ","2030":" ","2031":" ","2032":" ","2033":" ","2034":"u","2035":"r","2036":"l","2037":":","2038":" ","2039":"\\","2040":"\"","2041":"h","2042":"t","2043":"t","2044":"p","2045":"s","2046":":","2047":"/","2048":"/","2049":"c","2050":"a","2051":"r","2052":"e","2053":"e","2054":"r","2055":"s","2056":".","2057":"g","2058":"o","2059":"o","2060":"g","2061":"l","2062":"e","2063":".","2064":"c","2065":"o","2066":"m","2067":"\\","2068":"\"","2069":",","2070":"\\","2071":"n","2072":" ","2073":" ","2074":" ","2075":" ","2076":" ","2077":" ","2078":"m","2079":"e","2080":"n","2081":"u","2082":"I","2083":"t","2084":"e","2085":"m","2086":"s","2087":":","2088":" ","2089":"[","2090":"\\","2091":"n","2092":" ","2093":" ","2094":" ","2095":" ","2096":" ","2097":" ","2098":" ","2099":" ","2100":"\\","2101":"\"","2102":"T","2103":"e","2104":"a","2105":"m","2106":"s","2107":"\\","2108":"\"","2109":",","2110":"\\","2111":"n","2112":" ","2113":" ","2114":" ","2115":" ","2116":" ","2117":" ","2118":" ","2119":" ","2120":"\\","2121":"\"","2122":"L","2123":"o","2124":"c","2125":"a","2126":"t","2127":"i","2128":"o","2129":"n","2130":"s","2131":"\\","2132":"\"","2133":",","2134":"\\","2135":"n","2136":" ","2137":" ","2138":" ","2139":" ","2140":" ","2141":" ","2142":" ","2143":" ","2144":"\\","2145":"\"","2146":"L","2147":"i","2148":"f","2149":"e","2150":" ","2151":"a","2152":"t","2153":" ","2154":"B","2155":"o","2156":"b","2157":"o","2158":"\\","2159":"\"","2160":",","2161":"\\","2162":"n","2163":" ","2164":" ","2165":" ","2166":" ","2167":" ","2168":" ","2169":" ","2170":" ","2171":"\\","2172":"\"","2173":"H","2174":"o","2175":"w","2176":" ","2177":"w","2178":"e","2179":" ","2180":"h","2181":"i","2182":"r","2183":"e","2184":"\\","2185":"\"","2186":",","2187":"\\","2188":"n","2189":" ","2190":" ","2191":" ","2192":" ","2193":" ","2194":" ","2195":" ","2196":" ","2197":"\\","2198":"\"","2199":"S","2200":"t","2201":"u","2202":"d","2203":"e","2204":"n","2205":"t","2206":"s","2207":"\\","2208":"\"","2209":",","2210":"\\","2211":"n","2212":" ","2213":" ","2214":" ","2215":" ","2216":" ","2217":" ","2218":" ","2219":" ","2220":"\\","2221":"\"","2222":"J","2223":"o","2224":"b","2225":"s","2226":"\\","2227":"\"","2228":",","2229":"\\","2230":"n","2231":" ","2232":" ","2233":" ","2234":" ","2235":" ","2236":" ","2237":"]","2238":",","2239":"\\","2240":"n","2241":" ","2242":" ","2243":" ","2244":" ","2245":" ","2246":" ","2247":"i","2248":"s","2249":"L","2250":"o","2251":"g","2252":"g","2253":"e","2254":"d","2255":"I","2256":"n","2257":":","2258":" ","2259":"f","2260":"a","2261":"l","2262":"s","2263":"e","2264":",","2265":"\\","2266":"n","2267":" ","2268":" ","2269":" ","2270":" ","2271":"}","2272":";","2273":"\\","2274":"n","2275":" ","2276":" ","2277":"}","2278":",","2279":"\\","2280":"n","2281":" ","2282":" ","2283":"m","2284":"e","2285":"t","2286":"h","2287":"o","2288":"d","2289":"s","2290":":","2291":" ","2292":"{","2293":"\\","2294":"n","2295":" ","2296":" ","2297":" ","2298":" ","2299":"l","2300":"o","2301":"g","2302":"i","2303":"n","2304":"U","2305":"s","2306":"e","2307":"r","2308":"(","2309":")","2310":" ","2311":"{","2312":"\\","2313":"n","2314":" ","2315":" ","2316":" ","2317":" ","2318":" ","2319":" ","2320":"t","2321":"h","2322":"i","2323":"s","2324":".","2325":"i","2326":"s","2327":"L","2328":"o","2329":"g","2330":"g","2331":"e","2332":"d","2333":"I","2334":"n","2335":" ","2336":"=","2337":" ","2338":"t","2339":"r","2340":"u","2341":"e","2342":";","2343":"\\","2344":"n","2345":" ","2346":" ","2347":" ","2348":" ","2349":"}","2350":",","2351":"\\","2352":"n","2353":" ","2354":" ","2355":"}","2356":",","2357":"\\","2358":"n","2359":"}","2360":";","2361":"\\","2362":"n","2363":"<","2364":"/","2365":"s","2366":"c","2367":"r","2368":"i","2369":"p","2370":"t","2371":">","2372":"\\","2373":"n","2374":"\"","2375":"]","2376":"}"},"_coverageSchema":"1a1c01bbd47fc00a2c39e90264f33305004495a9","hash":"0956cd5c8140f7a06d30a2832fc860a8467bd507"}
,"C:\\Users\\ABBEY\\job-search\\src\\components\\ProfileImage.vue": {"path":"C:\\Users\\ABBEY\\job-search\\src\\components\\ProfileImage.vue","statementMap":{"0":{"start":{"line":4,"column":0},"end":{"line":6,"column":3}},"1":{"start":{"line":7,"column":0},"end":{"line":7,"column":25}},"2":{"start":{"line":8,"column":15},"end":{"line":15,"column":1}},"3":{"start":{"line":11,"column":4},"end":{"line":13,"column":6}},"4":{"start":{"line":16,"column":0},"end":{"line":16,"column":13}},"5":{"start":{"line":18,"column":0},"end":{"line":20,"column":3}},"6":{"start":{"line":21,"column":0},"end":{"line":21,"column":24}},"7":{"start":{"line":22,"column":11},"end":{"line":22,"column":25}},"8":{"start":{"line":23,"column":19},"end":{"line":23,"column":26}},"9":{"start":{"line":25,"column":2},"end":{"line":28,"column":38}},"10":{"start":{"line":29,"column":2},"end":{"line":29,"column":49}}},"fnMap":{"0":{"name":"(anonymous_0)","decl":{"start":{"line":10,"column":2},"end":{"line":10,"column":3}},"loc":{"start":{"line":10,"column":9},"end":{"line":14,"column":3}},"line":10},"1":{"name":"render","decl":{"start":{"line":24,"column":9},"end":{"line":24,"column":15}},"loc":{"start":{"line":24,"column":30},"end":{"line":29,"column":1}},"line":24}},"branchMap":{},"s":{"0":1,"1":1,"2":1,"3":1,"4":1,"5":1,"6":1,"7":1,"8":1,"9":1,"10":1},"f":{"0":1,"1":1},"b":{},"inputSourceMap":{"0":"{","1":"\"","2":"v","3":"e","4":"r","5":"s","6":"i","7":"o","8":"n","9":"\"","10":":","11":"3","12":",","13":"\"","14":"s","15":"o","16":"u","17":"r","18":"c","19":"e","20":"s","21":"\"","22":":","23":"[","24":"\"","25":"C","26":":","27":"\\","28":"\\","29":"U","30":"s","31":"e","32":"r","33":"s","34":"\\","35":"\\","36":"A","37":"B","38":"B","39":"E","40":"Y","41":"\\","42":"\\","43":"j","44":"o","45":"b","46":"-","47":"s","48":"e","49":"a","50":"r","51":"c","52":"h","53":"\\","54":"\\","55":"s","56":"r","57":"c","58":"\\","59":"\\","60":"c","61":"o","62":"m","63":"p","64":"o","65":"n","66":"e","67":"n","68":"t","69":"s","70":"\\","71":"\\","72":"P","73":"r","74":"o","75":"f","76":"i","77":"l","78":"e","79":"I","80":"m","81":"a","82":"g","83":"e","84":".","85":"v","86":"u","87":"e","88":"\"","89":"]","90":",","91":"\"","92":"n","93":"a","94":"m","95":"e","96":"s","97":"\"","98":":","99":"[","100":"]","101":",","102":"\"","103":"m","104":"a","105":"p","106":"p","107":"i","108":"n","109":"g","110":"s","111":"\"","112":":","113":"\"","114":";","115":";","116":";","117":";","118":";","119":";","120":";","121":"i","122":"C","123":"A","124":"K","125":"e","126":";","127":"E","128":"A","129":"C","130":"b","131":",","132":"I","133":"A","134":"A","135":"I","136":",","137":"E","138":"A","139":"A","140":"E","141":",","142":"c","143":"A","144":"A","145":"c","146":";","147":"E","148":"A","149":"C","150":"p","151":"B","152":",","153":"I","154":"A","155":"A","156":"I","157":",","158":"G","159":"A","160":"A","161":"G","162":";","163":"I","164":"A","165":"C","166":"L","167":",","168":"O","169":"A","170":"A","171":"O","172":";","173":"M","174":"A","175":"C","176":"L","177":",","178":"S","179":"A","180":"A","181":"S","182":",","183":"E","184":"A","185":"C","186":"P","187":";","188":"I","189":"A","190":"C","191":"J","192":",","193":"C","194":"A","195":"A","196":"C","197":";","198":"E","199":"A","200":"C","201":"H","202":";","203":"A","204":"A","205":"C","206":"F","207":",","208":"C","209":"A","210":"A","211":"C","212":"\"","213":",","214":"\"","215":"f","216":"i","217":"l","218":"e","219":"\"","220":":","221":"\"","222":"C","223":":","224":"\\","225":"\\","226":"U","227":"s","228":"e","229":"r","230":"s","231":"\\","232":"\\","233":"A","234":"B","235":"B","236":"E","237":"Y","238":"\\","239":"\\","240":"j","241":"o","242":"b","243":"-","244":"s","245":"e","246":"a","247":"r","248":"c","249":"h","250":"\\","251":"\\","252":"s","253":"r","254":"c","255":"\\","256":"\\","257":"c","258":"o","259":"m","260":"p","261":"o","262":"n","263":"e","264":"n","265":"t","266":"s","267":"\\","268":"\\","269":"P","270":"r","271":"o","272":"f","273":"i","274":"l","275":"e","276":"I","277":"m","278":"a","279":"g","280":"e","281":".","282":"v","283":"u","284":"e","285":"\"","286":",","287":"\"","288":"s","289":"o","290":"u","291":"r","292":"c","293":"e","294":"s","295":"C","296":"o","297":"n","298":"t","299":"e","300":"n","301":"t","302":"\"","303":":","304":"[","305":"\"","306":"<","307":"t","308":"e","309":"m","310":"p","311":"l","312":"a","313":"t","314":"e","315":">","316":"\\","317":"n","318":" ","319":" ","320":"<","321":"i","322":"m","323":"g","324":" ","325":":","326":"s","327":"r","328":"c","329":"=","330":"\\","331":"\"","332":"i","333":"m","334":"a","335":"g","336":"e","337":"L","338":"i","339":"n","340":"k","341":"\\","342":"\"","343":" ","344":"c","345":"l","346":"a","347":"s","348":"s","349":"=","350":"\\","351":"\"","352":"w","353":"-","354":"8","355":" ","356":"h","357":"-","358":"8","359":" ","360":"o","361":"b","362":"j","363":"e","364":"c","365":"t","366":"-","367":"c","368":"o","369":"n","370":"t","371":"a","372":"i","373":"n","374":" ","375":"r","376":"o","377":"u","378":"n","379":"d","380":"e","381":"d","382":"-","383":"3","384":"x","385":"l","386":"\\","387":"\"","388":" ","389":"/","390":">","391":"\\","392":"n","393":"<","394":"/","395":"t","396":"e","397":"m","398":"p","399":"l","400":"a","401":"t","402":"e","403":">","404":"\\","405":"n","406":"\\","407":"n","408":"<","409":"s","410":"c","411":"r","412":"i","413":"p","414":"t","415":">","416":"\\","417":"n","418":"e","419":"x","420":"p","421":"o","422":"r","423":"t","424":" ","425":"d","426":"e","427":"f","428":"a","429":"u","430":"l","431":"t","432":" ","433":"{","434":"\\","435":"n","436":" ","437":" ","438":"n","439":"a","440":"m","441":"e","442":":","443":" ","444":"\\","445":"\"","446":"P","447":"r","448":"o","449":"f","450":"i","451":"l","452":"e","453":"I","454":"m","455":"a","456":"g","457":"e","458":"\\","459":"\"","460":",","461":"\\","462":"n","463":" ","464":" ","465":"d","466":"a","467":"t","468":"a","469":"(","470":")","471":" ","472":"{","473":"\\","474":"n","475":" ","476":" ","477":" ","478":" ","479":"r","480":"e","481":"t","482":"u","483":"r","484":"n","485":" ","486":"{","487":"\\","488":"n","489":" ","490":" ","491":" ","492":" ","493":" ","494":" ","495":"i","496":"m","497":"a","498":"g","499":"e","500":"L","501":"i","502":"n","503":"k","504":":","505":"\\","506":"n","507":" ","508":" ","509":" ","510":" ","511":" ","512":" ","513":" ","514":" ","515":"\\","516":"\"","517":"h","518":"t","519":"t","520":"p","521":"s","522":":","523":"/","524":"/","525":"w","526":"w","527":"w","528":".","529":"p","530":"n","531":"g","532":"i","533":"t","534":"e","535":"m","536":".","537":"c","538":"o","539":"m","540":"/","541":"p","542":"i","543":"m","544":"g","545":"s","546":"/","547":"m","548":"/","549":"4","550":"8","551":"7","552":"-","553":"4","554":"8","555":"7","556":"6","557":"4","558":"1","559":"7","560":"_","561":"l","562":"i","563":"n","564":"k","565":"-","566":"h","567":"e","568":"a","569":"d","570":"-","571":"p","572":"n","573":"g","574":"-","575":"t","576":"o","577":"o","578":"n","579":"-","580":"l","581":"i","582":"n","583":"k","584":"-","585":"f","586":"a","587":"c","588":"e","589":"-","590":"p","591":"n","592":"g","593":"-","594":"t","595":"r","596":"a","597":"n","598":"s","599":"p","600":"a","601":"r","602":"e","603":"n","604":"t","605":".","606":"p","607":"n","608":"g","609":"\\","610":"\"","611":",","612":"\\","613":"n","614":" ","615":" ","616":" ","617":" ","618":"}","619":";","620":"\\","621":"n","622":" ","623":" ","624":"}","625":",","626":"\\","627":"n","628":"}","629":";","630":"\\","631":"n","632":"<","633":"/","634":"s","635":"c","636":"r","637":"i","638":"p","639":"t","640":">","641":"\\","642":"n","643":"\"","644":"]","645":"}"},"_coverageSchema":"1a1c01bbd47fc00a2c39e90264f33305004495a9","hash":"d90c85ca322c5eade69fd356a98b322dc58fd9ce"}
}
