TN:
SF:src\components\ActionButton.vue
FN:51,render
FNF:1
FNH:1
FNDA:2,render
DA:4,2
DA:7,2
DA:44,2
DA:46,2
DA:49,2
DA:50,2
DA:52,2
DA:55,2
LF:8
LH:8
BRF:0
BRH:0
end_of_record
TN:
SF:src\components\MainNav.vue
FN:82,render
FN:89,(anonymous_1)
FNF:2
FNH:2
FNDA:7,render
FNDA:42,(anonymous_1)
DA:4,1
DA:5,1
DA:8,1
DA:52,1
DA:54,1
DA:57,1
DA:58,1
DA:59,1
DA:62,1
DA:65,1
DA:68,1
DA:69,1
DA:72,1
DA:75,1
DA:79,1
DA:83,7
DA:84,7
DA:85,7
DA:86,7
DA:90,42
DA:107,1
LF:21
LH:21
BRDA:95,0,0,2
BRDA:95,0,1,5
BRDA:103,1,0,2
BRDA:103,1,1,5
BRF:4
BRH:4
end_of_record
TN:
SF:src\components\ProfileImage.vue
FN:10,(anonymous_0)
FN:24,render
FNF:2
FNH:2
FNDA:1,(anonymous_0)
FNDA:1,render
DA:4,2
DA:7,2
DA:8,2
DA:11,1
DA:16,2
DA:18,2
DA:21,2
DA:22,2
DA:23,2
DA:25,1
DA:29,2
LF:11
LH:11
BRF:0
BRH:0
end_of_record
TN:
SF:src\components\Subnav.vue
FN:10,(anonymous_0)
FN:36,render
FNF:2
FNH:2
FNDA:2,(anonymous_0)
FNDA:2,render
DA:4,2
DA:7,2
DA:8,2
DA:11,2
DA:16,2
DA:18,2
DA:21,2
DA:22,2
DA:23,2
DA:26,2
DA:29,2
DA:33,2
DA:37,2
DA:38,2
DA:42,2
LF:15
LH:15
BRDA:38,0,0,1
BRDA:38,0,1,1
BRF:2
BRH:2
end_of_record
